<?xml version="1.0" encoding="utf-8"?><testsuites name="pytest tests"><testsuite name="pytest" errors="0" failures="0" skipped="0" tests="10" time="4.605" timestamp="2026-04-06T10:32:55.405324+00:00" hostname="agent-env-699fcce3-40a5-4ad3-b6bd-33a98b70dbe2"><testcase classname="backend.tests.test_iteration68_analytics_cleanup.TestAnalyticsEndpointsReturnRealData" name="test_analytics_overview_returns_zeros_when_no_data" time="0.427" /><testcase classname="backend.tests.test_iteration68_analytics_cleanup.TestAnalyticsEndpointsReturnRealData" name="test_analytics_trending_returns_empty_when_no_data" time="0.413" /><testcase classname="backend.tests.test_iteration68_analytics_cleanup.TestAnalyticsEndpointsReturnRealData" name="test_analytics_leaderboard_returns_zero_active_releases" time="0.392" /><testcase classname="backend.tests.test_iteration68_analytics_cleanup.TestAnalyticsEndpointsReturnRealData" name="test_analytics_revenue_returns_zeros" time="0.399" /><testcase classname="backend.tests.test_iteration68_analytics_cleanup.TestCSVImportAdminOnly" name="test_csv_import_returns_403_for_non_admin" time="0.749" /><testcase classname="backend.tests.test_iteration68_analytics_cleanup.TestCSVImportAdminOnly" name="test_csv_import_succeeds_for_admin" time="0.685" /><testcase classname="backend.tests.test_iteration68_analytics_cleanup.TestNoHardcodedFakePercentages" name="test_trending_no_hardcoded_percentages" time="0.391" /><testcase classname="backend.tests.test_iteration68_analytics_cleanup.TestNoHardcodedFakePercentages" name="test_leaderboard_no_hardcoded_percentages" time="0.399" /><testcase classname="backend.tests.test_iteration68_analytics_cleanup.TestAdminLoginAndVerification" name="test_admin_login_primary" time="0.333" /><testcase classname="backend.tests.test_iteration68_analytics_cleanup.TestAdminLoginAndVerification" name="test_admin_login_secondary" time="0.342" /></testsuite></testsuites>