<?xml version="1.0" encoding="utf-8"?><testsuites name="pytest tests"><testsuite name="pytest" errors="0" failures="0" skipped="0" tests="23" time="7.561" timestamp="2026-04-02T14:44:56.368837+00:00" hostname="agent-env-079514ea-0774-40b5-a9ef-d14177382677"><testcase classname="backend.tests.test_iteration14_regression.TestHealthCheck" name="test_health_check" time="0.282" /><testcase classname="backend.tests.test_iteration14_regression.TestAuthEndpoints" name="test_admin_login_success" time="0.335" /><testcase classname="backend.tests.test_iteration14_regression.TestAuthEndpoints" name="test_login_invalid_credentials" time="0.158" /><testcase classname="backend.tests.test_iteration14_regression.TestAuthEndpoints" name="test_register_new_user" time="0.343" /><testcase classname="backend.tests.test_iteration14_regression.TestAuthEndpoints" name="test_get_me_authenticated" time="0.538" /><testcase classname="backend.tests.test_iteration14_regression.TestAuthEndpoints" name="test_get_me_unauthenticated" time="0.139" /><testcase classname="backend.tests.test_iteration14_regression.TestBeatsEndpoints" name="test_list_beats_public" time="0.108" /><testcase classname="backend.tests.test_iteration14_regression.TestBeatsEndpoints" name="test_list_beats_filter_genre" time="0.125" /><testcase classname="backend.tests.test_iteration14_regression.TestBeatsEndpoints" name="test_admin_create_beat" time="0.472" /><testcase classname="backend.tests.test_iteration14_regression.TestBeatsEndpoints" name="test_admin_delete_beat" time="0.548" /><testcase classname="backend.tests.test_iteration14_regression.TestBeatsEndpoints" name="test_create_beat_without_auth" time="0.115" /><testcase classname="backend.tests.test_iteration14_regression.TestReleasesEndpoints" name="test_create_release" time="0.444" /><testcase classname="backend.tests.test_iteration14_regression.TestReleasesEndpoints" name="test_list_releases" time="0.443" /><testcase classname="backend.tests.test_iteration14_regression.TestReleasesEndpoints" name="test_releases_without_auth" time="0.126" /><testcase classname="backend.tests.test_iteration14_regression.TestDistributionEndpoints" name="test_get_distribution_stores" time="0.131" /><testcase classname="backend.tests.test_iteration14_regression.TestPaymentsEndpoints" name="test_create_checkout" time="0.603" /><testcase classname="backend.tests.test_iteration14_regression.TestWalletEndpoints" name="test_get_wallet" time="0.491" /><testcase classname="backend.tests.test_iteration14_regression.TestAnalyticsEndpoints" name="test_get_analytics_overview" time="0.454" /><testcase classname="backend.tests.test_iteration14_regression.TestSubscriptionEndpoints" name="test_get_subscription_plans" time="0.122" /><testcase classname="backend.tests.test_iteration14_regression.TestAdminEndpoints" name="test_admin_dashboard" time="0.453" /><testcase classname="backend.tests.test_iteration14_regression.TestAdminEndpoints" name="test_admin_list_users" time="0.456" /><testcase classname="backend.tests.test_iteration14_regression.TestAdminEndpoints" name="test_admin_dashboard_without_auth" time="0.114" /><testcase classname="backend.tests.test_iteration14_regression.TestAdminEndpoints" name="test_admin_dashboard_non_admin" time="0.459" /></testsuite></testsuites>