<?xml version="1.0" encoding="utf-8"?><testsuites name="pytest tests"><testsuite name="pytest" errors="0" failures="0" skipped="0" tests="11" time="4.927" timestamp="2026-04-04T14:13:34.447243+00:00" hostname="agent-env-699fcce3-40a5-4ad3-b6bd-33a98b70dbe2"><testcase classname="backend.tests.test_iteration49_promo_tracks.TestPromoCodesCRUD" name="test_list_promo_codes" time="0.594" /><testcase classname="backend.tests.test_iteration49_promo_tracks.TestPromoCodesCRUD" name="test_create_promo_code" time="0.570" /><testcase classname="backend.tests.test_iteration49_promo_tracks.TestPromoCodesCRUD" name="test_toggle_promo_code_active" time="0.832" /><testcase classname="backend.tests.test_iteration49_promo_tracks.TestPromoCodesCRUD" name="test_delete_promo_code" time="0.672" /><testcase classname="backend.tests.test_iteration49_promo_tracks.TestPromoCodeValidation" name="test_validate_launch50_code" time="0.108" /><testcase classname="backend.tests.test_iteration49_promo_tracks.TestPromoCodeValidation" name="test_validate_invalid_code_returns_404" time="0.103" /><testcase classname="backend.tests.test_iteration49_promo_tracks.TestPromoCodeAuth" name="test_non_admin_gets_403" time="0.192" /><testcase classname="backend.tests.test_iteration49_promo_tracks.TestTrackUpdate" name="test_get_releases_with_tracks" time="0.541" /><testcase classname="backend.tests.test_iteration49_promo_tracks.TestTrackUpdate" name="test_update_track_fields" time="0.791" /><testcase classname="backend.tests.test_iteration49_promo_tracks.TestHealthAndBasics" name="test_health_endpoint" time="0.112" /><testcase classname="backend.tests.test_iteration49_promo_tracks.TestHealthAndBasics" name="test_admin_login" time="0.319" /></testsuite></testsuites>