<?xml version="1.0" encoding="utf-8"?><testsuites name="pytest tests"><testsuite name="pytest" errors="0" failures="0" skipped="0" tests="32" time="13.690" timestamp="2026-04-04T22:37:38.349755+00:00" hostname="agent-env-699fcce3-40a5-4ad3-b6bd-33a98b70dbe2"><testcase classname="backend.tests.test_iteration64_page_builder_enhancements.TestPageBuilderEnhancements" name="test_file_upload_endpoint_exists" time="0.469" /><testcase classname="backend.tests.test_iteration64_page_builder_enhancements.TestPageBuilderEnhancements" name="test_file_upload_with_image" time="0.575" /><testcase classname="backend.tests.test_iteration64_page_builder_enhancements.TestPageBuilderEnhancements" name="test_file_upload_rejects_non_images" time="0.457" /><testcase classname="backend.tests.test_iteration64_page_builder_enhancements.TestPageBuilderEnhancements" name="test_public_file_serving_endpoint" time="0.513" /><testcase classname="backend.tests.test_iteration64_page_builder_enhancements.TestPageBuilderEnhancements" name="test_public_file_serving_requires_valid_prefix" time="0.428" /><testcase classname="backend.tests.test_iteration64_page_builder_enhancements.TestPageBuilderEnhancements" name="test_get_landing_page_layout" time="0.381" /><testcase classname="backend.tests.test_iteration64_page_builder_enhancements.TestPageBuilderEnhancements" name="test_get_about_page_layout" time="0.377" /><testcase classname="backend.tests.test_iteration64_page_builder_enhancements.TestPageBuilderEnhancements" name="test_get_pricing_page_layout" time="0.372" /><testcase classname="backend.tests.test_iteration64_page_builder_enhancements.TestPageBuilderEnhancements" name="test_list_all_editable_pages" time="0.365" /><testcase classname="backend.tests.test_iteration64_page_builder_enhancements.TestPageBuilderEnhancements" name="test_add_hero_block" time="0.392" /><testcase classname="backend.tests.test_iteration64_page_builder_enhancements.TestPageBuilderEnhancements" name="test_add_text_block" time="0.397" /><testcase classname="backend.tests.test_iteration64_page_builder_enhancements.TestPageBuilderEnhancements" name="test_add_image_block" time="0.379" /><testcase classname="backend.tests.test_iteration64_page_builder_enhancements.TestPageBuilderEnhancements" name="test_add_features_block" time="0.389" /><testcase classname="backend.tests.test_iteration64_page_builder_enhancements.TestPageBuilderEnhancements" name="test_add_cta_block" time="0.396" /><testcase classname="backend.tests.test_iteration64_page_builder_enhancements.TestPageBuilderEnhancements" name="test_add_testimonials_block" time="0.384" /><testcase classname="backend.tests.test_iteration64_page_builder_enhancements.TestPageBuilderEnhancements" name="test_add_stats_block" time="0.393" /><testcase classname="backend.tests.test_iteration64_page_builder_enhancements.TestPageBuilderEnhancements" name="test_add_spacer_block" time="0.382" /><testcase classname="backend.tests.test_iteration64_page_builder_enhancements.TestPageBuilderEnhancements" name="test_add_two_column_block" time="0.367" /><testcase classname="backend.tests.test_iteration64_page_builder_enhancements.TestPageBuilderEnhancements" name="test_add_pricing_block" time="0.386" /><testcase classname="backend.tests.test_iteration64_page_builder_enhancements.TestPageBuilderEnhancements" name="test_add_logo_bar_block" time="0.372" /><testcase classname="backend.tests.test_iteration64_page_builder_enhancements.TestPageBuilderEnhancements" name="test_add_video_block" time="0.360" /><testcase classname="backend.tests.test_iteration64_page_builder_enhancements.TestPageBuilderEnhancements" name="test_save_block_with_custom_css" time="0.573" /><testcase classname="backend.tests.test_iteration64_page_builder_enhancements.TestPageBuilderEnhancements" name="test_publish_page" time="0.428" /><testcase classname="backend.tests.test_iteration64_page_builder_enhancements.TestPageBuilderEnhancements" name="test_unpublish_page" time="0.379" /><testcase classname="backend.tests.test_iteration64_page_builder_enhancements.TestPageBuilderEnhancements" name="test_public_page_endpoint_landing" time="0.523" /><testcase classname="backend.tests.test_iteration64_page_builder_enhancements.TestPageBuilderEnhancements" name="test_public_page_endpoint_about" time="0.422" /><testcase classname="backend.tests.test_iteration64_page_builder_enhancements.TestPageBuilderEnhancements" name="test_public_page_endpoint_pricing" time="0.441" /><testcase classname="backend.tests.test_iteration64_page_builder_enhancements.TestPageBuilderEnhancements" name="test_delete_block" time="0.446" /><testcase classname="backend.tests.test_iteration64_page_builder_enhancements.TestPageBuilderEnhancements" name="test_non_admin_cannot_access_admin_pages" time="0.421" /><testcase classname="backend.tests.test_iteration64_page_builder_enhancements.TestBlockTemplates" name="test_get_all_block_templates" time="0.370" /><testcase classname="backend.tests.test_iteration64_page_builder_enhancements.TestAboutPageIntegration" name="test_about_page_can_be_customized" time="0.547" /><testcase classname="backend.tests.test_iteration64_page_builder_enhancements.TestPricingPageIntegration" name="test_pricing_page_can_be_customized" time="0.531" /></testsuite></testsuites>