<?xml version="1.0" encoding="utf-8"?><testsuites name="pytest tests"><testsuite name="pytest" errors="0" failures="0" skipped="0" tests="16" time="7.387" timestamp="2026-04-02T15:03:48.069038+00:00" hostname="agent-env-079514ea-0774-40b5-a9ef-d14177382677"><testcase classname="backend.tests.test_iteration15_subscriptions.TestSubscriptionPlans" name="test_get_subscription_plans" time="0.247" /><testcase classname="backend.tests.test_iteration15_subscriptions.TestSubscriptionUpgrade" name="test_upgrade_to_rise_plan" time="0.634" /><testcase classname="backend.tests.test_iteration15_subscriptions.TestSubscriptionUpgrade" name="test_upgrade_to_pro_plan" time="0.464" /><testcase classname="backend.tests.test_iteration15_subscriptions.TestSubscriptionUpgrade" name="test_downgrade_to_free_plan" time="0.507" /><testcase classname="backend.tests.test_iteration15_subscriptions.TestSubscriptionUpgrade" name="test_upgrade_invalid_plan" time="0.447" /><testcase classname="backend.tests.test_iteration15_subscriptions.TestSubscriptionUpgrade" name="test_upgrade_without_auth" time="0.114" /><testcase classname="backend.tests.test_iteration15_subscriptions.TestSubscriptionCheckout" name="test_checkout_rise_plan" time="0.977" /><testcase classname="backend.tests.test_iteration15_subscriptions.TestSubscriptionCheckout" name="test_checkout_pro_plan" time="1.415" /><testcase classname="backend.tests.test_iteration15_subscriptions.TestSubscriptionCheckout" name="test_checkout_free_plan_instant_downgrade" time="0.719" /><testcase classname="backend.tests.test_iteration15_subscriptions.TestSubscriptionCheckout" name="test_checkout_invalid_plan" time="0.442" /><testcase classname="backend.tests.test_iteration15_subscriptions.TestSubscriptionCheckout" name="test_checkout_without_auth" time="0.176" /><testcase classname="backend.tests.test_iteration15_subscriptions.TestBeatsForFeaturedSection" name="test_get_beats_public" time="0.106" /><testcase classname="backend.tests.test_iteration15_subscriptions.TestBeatsForFeaturedSection" name="test_get_beats_with_limit" time="0.138" /><testcase classname="backend.tests.test_iteration15_subscriptions.TestHealthAndAuth" name="test_health_check" time="0.131" /><testcase classname="backend.tests.test_iteration15_subscriptions.TestHealthAndAuth" name="test_admin_login" time="0.318" /><testcase classname="backend.tests.test_iteration15_subscriptions.TestCleanup" name="test_reset_admin_to_pro" time="0.454" /></testsuite></testsuites>