<?xml version="1.0" encoding="utf-8"?><testsuites name="pytest tests"><testsuite name="pytest" errors="0" failures="0" skipped="0" tests="20" time="3.203" timestamp="2026-04-02T23:38:22.741718+00:00" hostname="agent-env-699fcce3-40a5-4ad3-b6bd-33a98b70dbe2"><testcase classname="tests.test_iteration33_enhancements.TestDistributionStores" name="test_stores_endpoint_returns_exactly_150_platforms" time="0.202" /><testcase classname="tests.test_iteration33_enhancements.TestDistributionStores" name="test_each_store_has_required_fields" time="0.107" /><testcase classname="tests.test_iteration33_enhancements.TestDistributionStores" name="test_stores_include_major_global_platforms" time="0.110" /><testcase classname="tests.test_iteration33_enhancements.TestDistributionStores" name="test_stores_include_african_platforms" time="0.114" /><testcase classname="tests.test_iteration33_enhancements.TestDistributionStores" name="test_stores_include_indian_platforms" time="0.106" /><testcase classname="tests.test_iteration33_enhancements.TestDistributionStores" name="test_stores_include_asian_platforms" time="0.139" /><testcase classname="tests.test_iteration33_enhancements.TestDistributionStores" name="test_stores_include_latin_american_platforms" time="0.102" /><testcase classname="tests.test_iteration33_enhancements.TestDistributionStores" name="test_stores_include_russian_platforms" time="0.098" /><testcase classname="tests.test_iteration33_enhancements.TestDistributionStores" name="test_stores_include_middle_east_platforms" time="0.105" /><testcase classname="tests.test_iteration33_enhancements.TestDistributionStores" name="test_all_regions_represented" time="0.109" /><testcase classname="tests.test_iteration33_enhancements.TestEmailFunctions" name="test_forgot_password_endpoint_exists" time="0.145" /><testcase classname="tests.test_iteration33_enhancements.TestEmailFunctions" name="test_reset_password_endpoint_exists" time="0.127" /><testcase classname="tests.test_iteration33_enhancements.TestEmailFunctions" name="test_verify_reset_token_endpoint_exists" time="0.100" /><testcase classname="tests.test_iteration33_enhancements.TestRegistrationWithWelcomeEmail" name="test_registration_endpoint_works" time="0.393" /><testcase classname="tests.test_iteration33_enhancements.TestRegistrationWithWelcomeEmail" name="test_registration_returns_user_data" time="0.338" /><testcase classname="tests.test_iteration33_enhancements.TestAuthEndpoints" name="test_login_with_admin_credentials" time="0.335" /><testcase classname="tests.test_iteration33_enhancements.TestAuthEndpoints" name="test_login_with_invalid_credentials" time="0.113" /><testcase classname="tests.test_iteration33_enhancements.TestAuthEndpoints" name="test_me_endpoint_requires_auth" time="0.141" /><testcase classname="tests.test_iteration33_enhancements.TestHealthAndBasicEndpoints" name="test_api_root_or_health" time="0.115" /><testcase classname="tests.test_iteration33_enhancements.TestHealthAndBasicEndpoints" name="test_stores_endpoint_performance" time="0.109" /></testsuite></testsuites>