<?xml version="1.0" encoding="utf-8"?><testsuites name="pytest tests"><testsuite name="pytest" errors="0" failures="0" skipped="0" tests="11" time="8.671" timestamp="2026-04-02T20:09:10.463620+00:00" hostname="agent-env-dbac93c7-8c61-4d68-9acc-9338b250dcc8"><testcase classname="backend.tests.test_iteration25_save_compare_strategies.TestSaveCompareStrategies" name="test_save_strategy_requires_auth" time="0.305" /><testcase classname="backend.tests.test_iteration25_save_compare_strategies.TestSaveCompareStrategies" name="test_get_strategies_requires_auth" time="0.160" /><testcase classname="backend.tests.test_iteration25_save_compare_strategies.TestSaveCompareStrategies" name="test_delete_strategy_requires_auth" time="0.140" /><testcase classname="backend.tests.test_iteration25_save_compare_strategies.TestSaveCompareStrategies" name="test_save_strategy_success" time="0.460" /><testcase classname="backend.tests.test_iteration25_save_compare_strategies.TestSaveCompareStrategies" name="test_save_strategy_with_default_label" time="0.114" /><testcase classname="backend.tests.test_iteration25_save_compare_strategies.TestSaveCompareStrategies" name="test_get_strategies_returns_list" time="0.111" /><testcase classname="backend.tests.test_iteration25_save_compare_strategies.TestSaveCompareStrategies" name="test_get_strategies_structure" time="0.119" /><testcase classname="backend.tests.test_iteration25_save_compare_strategies.TestSaveCompareStrategies" name="test_delete_nonexistent_strategy_returns_404" time="0.112" /><testcase classname="backend.tests.test_iteration25_save_compare_strategies.TestSaveCompareStrategies" name="test_delete_strategy_success" time="0.358" /><testcase classname="backend.tests.test_iteration25_save_compare_strategies.TestSaveCompareStrategies" name="test_release_strategy_still_works" time="6.458" /><testcase classname="backend.tests.test_iteration25_save_compare_strategies.TestSaveCompareStrategies" name="test_cleanup_test_strategies" time="0.245" /></testsuite></testsuites>