<?xml version="1.0" encoding="utf-8"?><testsuites name="pytest tests"><testsuite name="pytest" errors="0" failures="0" skipped="0" tests="23" time="4.829" timestamp="2026-04-03T21:39:17.332036+00:00" hostname="agent-env-699fcce3-40a5-4ad3-b6bd-33a98b70dbe2"><testcase classname="backend.tests.test_iteration40_templates_reconciliation.TestAdminAuth" name="test_admin_login" time="0.794" /><testcase classname="backend.tests.test_iteration40_templates_reconciliation.TestRefactoredRoutes" name="test_admin_dashboard_endpoint" time="0.373" /><testcase classname="backend.tests.test_iteration40_templates_reconciliation.TestRefactoredRoutes" name="test_admin_submissions_endpoint" time="0.054" /><testcase classname="backend.tests.test_iteration40_templates_reconciliation.TestRefactoredRoutes" name="test_admin_users_endpoint" time="0.051" /><testcase classname="backend.tests.test_iteration40_templates_reconciliation.TestRefactoredRoutes" name="test_admin_analytics_endpoint" time="0.101" /><testcase classname="backend.tests.test_iteration40_templates_reconciliation.TestRefactoredRoutes" name="test_label_dashboard_endpoint" time="0.050" /><testcase classname="backend.tests.test_iteration40_templates_reconciliation.TestRefactoredRoutes" name="test_label_royalties_endpoint" time="0.058" /><testcase classname="backend.tests.test_iteration40_templates_reconciliation.TestDistributorTemplates" name="test_list_templates" time="0.405" /><testcase classname="backend.tests.test_iteration40_templates_reconciliation.TestDistributorTemplates" name="test_create_template" time="0.052" /><testcase classname="backend.tests.test_iteration40_templates_reconciliation.TestDistributorTemplates" name="test_update_template" time="0.155" /><testcase classname="backend.tests.test_iteration40_templates_reconciliation.TestDistributorTemplates" name="test_delete_template" time="0.159" /><testcase classname="backend.tests.test_iteration40_templates_reconciliation.TestDistributorTemplates" name="test_delete_nonexistent_template" time="0.046" /><testcase classname="backend.tests.test_iteration40_templates_reconciliation.TestDistributorTemplates" name="test_update_nonexistent_template" time="0.047" /><testcase classname="backend.tests.test_iteration40_templates_reconciliation.TestReconciliation" name="test_reconciliation_endpoint" time="0.388" /><testcase classname="backend.tests.test_iteration40_templates_reconciliation.TestReconciliation" name="test_reconciliation_duplicate_structure" time="0.050" /><testcase classname="backend.tests.test_iteration40_templates_reconciliation.TestReconciliation" name="test_reconciliation_discrepancy_structure" time="0.053" /><testcase classname="backend.tests.test_iteration40_templates_reconciliation.TestRoyaltyImportWithTemplate" name="test_import_list_has_template_used_field" time="0.391" /><testcase classname="backend.tests.test_iteration40_templates_reconciliation.TestAccessControl" name="test_templates_require_admin" time="0.391" /><testcase classname="backend.tests.test_iteration40_templates_reconciliation.TestAccessControl" name="test_reconciliation_requires_admin" time="0.056" /><testcase classname="backend.tests.test_iteration40_templates_reconciliation.TestAccessControl" name="test_admin_dashboard_requires_admin" time="0.050" /><testcase classname="backend.tests.test_iteration40_templates_reconciliation.TestLabelEndpoints" name="test_label_export_csv" time="0.379" /><testcase classname="backend.tests.test_iteration40_templates_reconciliation.TestLabelEndpoints" name="test_label_export_pdf" time="0.119" /><testcase classname="backend.tests.test_iteration40_templates_reconciliation.TestCleanup" name="test_cleanup_test_templates" time="0.486" /></testsuite></testsuites>