<?xml version="1.0" encoding="utf-8"?><testsuites name="pytest tests"><testsuite name="pytest" errors="0" failures="0" skipped="0" tests="19" time="5.231" timestamp="2026-04-04T22:45:54.238007+00:00" hostname="agent-env-699fcce3-40a5-4ad3-b6bd-33a98b70dbe2"><testcase classname="backend.tests.test_iteration65_spotify_integration.TestSpotifyUnauthenticated" name="test_spotify_connect_unauthenticated" time="0.128" /><testcase classname="backend.tests.test_iteration65_spotify_integration.TestSpotifyUnauthenticated" name="test_spotify_status_unauthenticated" time="0.100" /><testcase classname="backend.tests.test_iteration65_spotify_integration.TestSpotifyUnauthenticated" name="test_spotify_disconnect_unauthenticated" time="0.104" /><testcase classname="backend.tests.test_iteration65_spotify_integration.TestSpotifyUnauthenticated" name="test_spotify_refresh_artist_unauthenticated" time="0.116" /><testcase classname="backend.tests.test_iteration65_spotify_integration.TestSpotifyUnauthenticated" name="test_spotify_link_artist_unauthenticated" time="0.090" /><testcase classname="backend.tests.test_iteration65_spotify_integration.TestSpotifyUnauthenticated" name="test_spotify_artist_data_unauthenticated" time="0.091" /><testcase classname="backend.tests.test_iteration65_spotify_integration.TestSpotifyAuthenticated" name="test_spotify_connect_returns_auth_url" time="0.492" /><testcase classname="backend.tests.test_iteration65_spotify_integration.TestSpotifyAuthenticated" name="test_spotify_status_returns_connected_false" time="0.376" /><testcase classname="backend.tests.test_iteration65_spotify_integration.TestSpotifyAuthenticated" name="test_spotify_disconnect_works" time="0.431" /><testcase classname="backend.tests.test_iteration65_spotify_integration.TestSpotifyAuthenticated" name="test_spotify_refresh_artist_requires_connection" time="0.414" /><testcase classname="backend.tests.test_iteration65_spotify_integration.TestSpotifyAuthenticated" name="test_spotify_link_artist_requires_connection" time="0.438" /><testcase classname="backend.tests.test_iteration65_spotify_integration.TestSpotifyAuthenticated" name="test_spotify_artist_data_requires_linked_artist" time="0.461" /><testcase classname="backend.tests.test_iteration65_spotify_integration.TestSpotifyCallback" name="test_callback_without_code_redirects_with_error" time="0.101" /><testcase classname="backend.tests.test_iteration65_spotify_integration.TestSpotifyCallback" name="test_callback_with_error_param_redirects" time="0.110" /><testcase classname="backend.tests.test_iteration65_spotify_integration.TestSpotifyCallback" name="test_callback_with_invalid_code_redirects_with_error" time="0.154" /><testcase classname="backend.tests.test_iteration65_spotify_integration.TestSpotifyEndpointResponseShapes" name="test_connect_response_shape" time="0.396" /><testcase classname="backend.tests.test_iteration65_spotify_integration.TestSpotifyEndpointResponseShapes" name="test_status_response_shape" time="0.370" /><testcase classname="backend.tests.test_iteration65_spotify_integration.TestSpotifyEndpointResponseShapes" name="test_disconnect_response_shape" time="0.358" /><testcase classname="backend.tests.test_iteration65_spotify_integration.TestPageBuilderRegression" name="test_page_builder_landing_page_loads" time="0.414" /></testsuite></testsuites>