<?xml version="1.0" encoding="utf-8"?><testsuites name="pytest tests"><testsuite name="pytest" errors="0" failures="0" skipped="0" tests="8" time="1.800" timestamp="2026-04-04T12:36:09.570582+00:00" hostname="agent-env-699fcce3-40a5-4ad3-b6bd-33a98b70dbe2"><testcase classname="backend.tests.test_iteration47_ui_redesign.TestHealthAndBasicEndpoints" name="test_health_endpoint" time="0.141" /><testcase classname="backend.tests.test_iteration47_ui_redesign.TestAuthEndpoints" name="test_login_with_admin_credentials" time="0.339" /><testcase classname="backend.tests.test_iteration47_ui_redesign.TestAuthEndpoints" name="test_login_with_invalid_credentials" time="0.141" /><testcase classname="backend.tests.test_iteration47_ui_redesign.TestAuthEndpoints" name="test_register_new_user" time="0.323" /><testcase classname="backend.tests.test_iteration47_ui_redesign.TestAuthEndpoints" name="test_auth_me_without_token" time="0.117" /><testcase classname="backend.tests.test_iteration47_ui_redesign.TestAuthEndpoints" name="test_auth_me_with_valid_token" time="0.452" /><testcase classname="backend.tests.test_iteration47_ui_redesign.TestPublicRoutes" name="test_beats_endpoint" time="0.106" /><testcase classname="backend.tests.test_iteration47_ui_redesign.TestPublicRoutes" name="test_subscription_plans_endpoint" time="0.108" /></testsuite></testsuites>