<?xml version="1.0" encoding="utf-8"?><testsuites name="pytest tests"><testsuite name="pytest" errors="0" failures="0" skipped="0" tests="18" time="6.837" timestamp="2026-04-03T22:50:07.924693+00:00" hostname="agent-env-699fcce3-40a5-4ad3-b6bd-33a98b70dbe2"><testcase classname="backend.tests.test_iteration42_revenue_dashboard.TestRevenueAnalytics" name="test_revenue_analytics_endpoint_returns_200" time="0.503" /><testcase classname="backend.tests.test_iteration42_revenue_dashboard.TestRevenueAnalytics" name="test_revenue_analytics_has_summary_section" time="0.405" /><testcase classname="backend.tests.test_iteration42_revenue_dashboard.TestRevenueAnalytics" name="test_revenue_analytics_has_platforms_section" time="0.434" /><testcase classname="backend.tests.test_iteration42_revenue_dashboard.TestRevenueAnalytics" name="test_revenue_analytics_has_monthly_trend" time="0.399" /><testcase classname="backend.tests.test_iteration42_revenue_dashboard.TestRevenueAnalytics" name="test_revenue_analytics_has_collaborator_splits" time="0.401" /><testcase classname="backend.tests.test_iteration42_revenue_dashboard.TestRevenueAnalytics" name="test_revenue_analytics_has_kalmori_section" time="0.402" /><testcase classname="backend.tests.test_iteration42_revenue_dashboard.TestRevenueAnalytics" name="test_revenue_analytics_kalmori_has_data" time="0.389" /><testcase classname="backend.tests.test_iteration42_revenue_dashboard.TestRevenueAnalytics" name="test_revenue_analytics_kalmori_platforms" time="0.443" /><testcase classname="backend.tests.test_iteration42_revenue_dashboard.TestRevenueAnalytics" name="test_revenue_analytics_kalmori_monthly_trend" time="0.385" /><testcase classname="backend.tests.test_iteration42_revenue_dashboard.TestRevenueAnalytics" name="test_revenue_analytics_has_combined_section" time="0.398" /><testcase classname="backend.tests.test_iteration42_revenue_dashboard.TestRevenueAnalytics" name="test_revenue_analytics_combined_values" time="0.391" /><testcase classname="backend.tests.test_iteration42_revenue_dashboard.TestRevenueCalculator" name="test_calculator_endpoint_returns_200" time="0.398" /><testcase classname="backend.tests.test_iteration42_revenue_dashboard.TestRevenueCalculator" name="test_calculator_returns_correct_structure" time="0.416" /><testcase classname="backend.tests.test_iteration42_revenue_dashboard.TestRevenueCalculator" name="test_calculator_platform_breakdown" time="0.407" /><testcase classname="backend.tests.test_iteration42_revenue_dashboard.TestRevenueCalculator" name="test_calculator_revenue_calculation" time="0.378" /><testcase classname="backend.tests.test_iteration42_revenue_dashboard.TestRevenueCalculator" name="test_calculator_with_default_mix" time="0.381" /><testcase classname="backend.tests.test_iteration42_revenue_dashboard.TestRevenueAnalyticsAuth" name="test_revenue_analytics_requires_auth" time="0.107" /><testcase classname="backend.tests.test_iteration42_revenue_dashboard.TestRevenueAnalyticsAuth" name="test_calculator_requires_auth" time="0.094" /></testsuite></testsuites>