<?xml version="1.0" encoding="utf-8"?><testsuites name="pytest tests"><testsuite name="pytest" errors="0" failures="0" skipped="0" tests="27" time="5.874" timestamp="2026-04-02T08:18:11.980167+00:00" hostname="agent-env-079514ea-0774-40b5-a9ef-d14177382677"><testcase classname="tests.test_kalmori_routes.TestHealthAndInfo" name="test_health_endpoint" time="0.124" /><testcase classname="tests.test_kalmori_routes.TestHealthAndInfo" name="test_kalmori_info" time="0.107" /><testcase classname="tests.test_kalmori_routes.TestAuthentication" name="test_login_success" time="0.333" /><testcase classname="tests.test_kalmori_routes.TestAuthentication" name="test_login_invalid_credentials" time="0.319" /><testcase classname="tests.test_kalmori_routes.TestAuthentication" name="test_auth_me_with_cookie" time="0.429" /><testcase classname="tests.test_kalmori_routes.TestCMSPublicEndpoints" name="test_cms_slides" time="0.100" /><testcase classname="tests.test_kalmori_routes.TestCMSPublicEndpoints" name="test_cms_pricing" time="0.095" /><testcase classname="tests.test_kalmori_routes.TestCMSPublicEndpoints" name="test_cms_legal_terms" time="0.100" /><testcase classname="tests.test_kalmori_routes.TestCMSPublicEndpoints" name="test_cms_legal_privacy" time="0.091" /><testcase classname="tests.test_kalmori_routes.TestCMSPublicEndpoints" name="test_cms_pages_list" time="0.104" /><testcase classname="tests.test_kalmori_routes.TestCMSPublicEndpoints" name="test_cms_page_homepage" time="0.116" /><testcase classname="tests.test_kalmori_routes.TestCMSPublicEndpoints" name="test_cms_instrumentals" time="0.099" /><testcase classname="tests.test_kalmori_routes.TestPublicReleases" name="test_public_releases" time="0.096" /><testcase classname="tests.test_kalmori_routes.TestTestimonials" name="test_testimonials" time="0.096" /><testcase classname="tests.test_kalmori_routes.TestOrderEndpoints" name="test_promotion_order" time="0.098" /><testcase classname="tests.test_kalmori_routes.TestOrderEndpoints" name="test_instrumental_request" time="0.096" /><testcase classname="tests.test_kalmori_routes.TestAuthenticatedEndpoints" name="test_cart" time="0.415" /><testcase classname="tests.test_kalmori_routes.TestAuthenticatedEndpoints" name="test_credits" time="0.419" /><testcase classname="tests.test_kalmori_routes.TestAuthenticatedEndpoints" name="test_payment_methods" time="0.429" /><testcase classname="tests.test_kalmori_routes.TestAuthenticatedEndpoints" name="test_theme" time="0.412" /><testcase classname="tests.test_kalmori_routes.TestAuthenticatedEndpoints" name="test_analytics_chart_data" time="0.438" /><testcase classname="tests.test_kalmori_routes.TestAuthenticatedEndpoints" name="test_analytics_platform_breakdown" time="0.438" /><testcase classname="tests.test_kalmori_routes.TestAuthenticatedEndpoints" name="test_kalmori_wallet" time="0.439" /><testcase classname="tests.test_kalmori_routes.TestSocialEndpoints" name="test_follower_count" time="0.100" /><testcase classname="tests.test_kalmori_routes.TestAdminCMSEndpoints" name="test_admin_cms_all_pages" time="0.099" /><testcase classname="tests.test_kalmori_routes.TestAdminCMSEndpoints" name="test_admin_cms_invalid_key" time="0.108" /><testcase classname="tests.test_kalmori_routes.TestRecaptchaPage" name="test_recaptcha_page" time="0.100" /></testsuite></testsuites>