<?xml version="1.0" encoding="utf-8"?><testsuites name="pytest tests"><testsuite name="pytest" errors="0" failures="0" skipped="0" tests="11" time="8.554" timestamp="2026-04-02T20:24:08.489569+00:00" hostname="agent-env-dbac93c7-8c61-4d68-9acc-9338b250dcc8"><testcase classname="backend.tests.test_iteration26_pdf_export.TestPDFExportAuthentication" name="test_export_pdf_requires_auth" time="0.254" /><testcase classname="backend.tests.test_iteration26_pdf_export.TestPDFExportEndpoint" name="test_export_pdf_returns_valid_pdf" time="0.414" /><testcase classname="backend.tests.test_iteration26_pdf_export.TestPDFExportEndpoint" name="test_export_pdf_with_minimal_data" time="0.056" /><testcase classname="backend.tests.test_iteration26_pdf_export.TestPDFExportEndpoint" name="test_export_pdf_filename_format" time="0.071" /><testcase classname="backend.tests.test_iteration26_pdf_export.TestPDFExportEndpoint" name="test_export_pdf_with_release_title_as_label" time="0.057" /><testcase classname="backend.tests.test_iteration26_pdf_export.TestRegressionExistingEndpoints" name="test_release_strategy_still_works" time="7.213" /><testcase classname="backend.tests.test_iteration26_pdf_export.TestRegressionExistingEndpoints" name="test_save_strategy_still_works" time="0.062" /><testcase classname="backend.tests.test_iteration26_pdf_export.TestRegressionExistingEndpoints" name="test_get_strategies_still_works" time="0.070" /><testcase classname="backend.tests.test_iteration26_pdf_export.TestRegressionExistingEndpoints" name="test_delete_strategy_still_works" time="0.112" /><testcase classname="backend.tests.test_iteration26_pdf_export.TestRegressionExistingEndpoints" name="test_delete_nonexistent_returns_404" time="0.055" /><testcase classname="backend.tests.test_iteration26_pdf_export.TestCleanup" name="test_cleanup_test_strategies" time="0.116" /></testsuite></testsuites>