<?xml version="1.0" encoding="utf-8"?><testsuites name="pytest tests"><testsuite name="pytest" errors="0" failures="0" skipped="0" tests="17" time="7.917" timestamp="2026-04-02T14:29:20.866954+00:00" hostname="agent-env-079514ea-0774-40b5-a9ef-d14177382677"><testcase classname="tests.test_iteration13_admin_beats.TestBeatsPublicEndpoints" name="test_list_beats_returns_200" time="0.280" /><testcase classname="tests.test_iteration13_admin_beats.TestBeatsPublicEndpoints" name="test_list_beats_with_genre_filter" time="0.112" /><testcase classname="tests.test_iteration13_admin_beats.TestBeatsPublicEndpoints" name="test_list_beats_with_mood_filter" time="0.115" /><testcase classname="tests.test_iteration13_admin_beats.TestBeatsPublicEndpoints" name="test_get_single_beat_returns_beat_details" time="0.300" /><testcase classname="tests.test_iteration13_admin_beats.TestBeatsPublicEndpoints" name="test_get_nonexistent_beat_returns_404" time="0.099" /><testcase classname="tests.test_iteration13_admin_beats.TestBeatsAdminEndpoints" name="test_create_beat_requires_auth" time="0.109" /><testcase classname="tests.test_iteration13_admin_beats.TestBeatsAdminEndpoints" name="test_create_beat_as_admin" time="0.665" /><testcase classname="tests.test_iteration13_admin_beats.TestBeatsAdminEndpoints" name="test_update_beat_requires_auth" time="0.703" /><testcase classname="tests.test_iteration13_admin_beats.TestBeatsAdminEndpoints" name="test_update_beat_as_admin" time="0.815" /><testcase classname="tests.test_iteration13_admin_beats.TestBeatsAdminEndpoints" name="test_delete_beat_requires_auth" time="0.776" /><testcase classname="tests.test_iteration13_admin_beats.TestBeatsAdminEndpoints" name="test_delete_beat_as_admin" time="0.675" /><testcase classname="tests.test_iteration13_admin_beats.TestBeatsAdminEndpoints" name="test_delete_nonexistent_beat_returns_404" time="0.464" /><testcase classname="tests.test_iteration13_admin_beats.TestNonAdminAccess" name="test_regular_user_cannot_create_beat" time="0.459" /><testcase classname="tests.test_iteration13_admin_beats.TestNonAdminAccess" name="test_regular_user_cannot_update_beat" time="0.563" /><testcase classname="tests.test_iteration13_admin_beats.TestNonAdminAccess" name="test_regular_user_cannot_delete_beat" time="0.627" /><testcase classname="tests.test_iteration13_admin_beats.TestBeatAudioUpload" name="test_audio_upload_requires_auth" time="0.645" /><testcase classname="tests.test_iteration13_admin_beats.TestBeatAudioUpload" name="test_audio_upload_to_nonexistent_beat_returns_404" time="0.440" /></testsuite></testsuites>