<?xml version="1.0" encoding="utf-8"?><testsuites name="pytest tests"><testsuite name="pytest" errors="0" failures="0" skipped="0" tests="17" time="5.287" timestamp="2026-04-04T23:44:43.777994+00:00" hostname="agent-env-699fcce3-40a5-4ad3-b6bd-33a98b70dbe2"><testcase classname="backend.tests.test_iteration67_new_features.TestSubscriptionPlansGating" name="test_get_subscription_plans_returns_all_plans" time="0.252" /><testcase classname="backend.tests.test_iteration67_new_features.TestSubscriptionPlansGating" name="test_free_plan_locks_new_features" time="0.132" /><testcase classname="backend.tests.test_iteration67_new_features.TestSubscriptionPlansGating" name="test_rise_plan_locks_specific_features" time="0.128" /><testcase classname="backend.tests.test_iteration67_new_features.TestSubscriptionPlansGating" name="test_pro_plan_has_no_locked_features" time="0.098" /><testcase classname="backend.tests.test_iteration67_new_features.TestSubscriptionPlansGating" name="test_free_plan_features_list" time="0.162" /><testcase classname="backend.tests.test_iteration67_new_features.TestSubscriptionPlansGating" name="test_rise_plan_features_list" time="0.115" /><testcase classname="backend.tests.test_iteration67_new_features.TestSubscriptionPlansGating" name="test_pro_plan_features_list" time="0.096" /><testcase classname="backend.tests.test_iteration67_new_features.TestResetToDefaultEndpoint" name="test_reset_landing_page_to_defaults" time="0.447" /><testcase classname="backend.tests.test_iteration67_new_features.TestResetToDefaultEndpoint" name="test_reset_about_page_to_defaults" time="0.404" /><testcase classname="backend.tests.test_iteration67_new_features.TestResetToDefaultEndpoint" name="test_reset_pricing_page_to_defaults" time="0.404" /><testcase classname="backend.tests.test_iteration67_new_features.TestResetToDefaultEndpoint" name="test_reset_requires_admin_auth" time="0.454" /><testcase classname="backend.tests.test_iteration67_new_features.TestResetToDefaultEndpoint" name="test_reset_invalid_page_returns_400" time="0.386" /><testcase classname="backend.tests.test_iteration67_new_features.TestResetToDefaultEndpoint" name="test_verify_reset_content_is_correct" time="0.436" /><testcase classname="backend.tests.test_iteration67_new_features.TestPageBuilderBlockOperations" name="test_add_block_to_page" time="0.447" /><testcase classname="backend.tests.test_iteration67_new_features.TestPageBuilderBlockOperations" name="test_delete_block_from_page" time="0.428" /><testcase classname="backend.tests.test_iteration67_new_features.TestPageBuilderBlockOperations" name="test_save_page_layout" time="0.424" /><testcase classname="backend.tests.test_iteration67_new_features.TestBlockTemplates" name="test_get_block_templates" time="0.388" /></testsuite></testsuites>