<?xml version="1.0" encoding="utf-8"?><testsuites name="pytest tests"><testsuite name="pytest" errors="0" failures="0" skipped="0" tests="32" time="4.729" timestamp="2026-04-06T12:13:43.836643+00:00" hostname="agent-env-699fcce3-40a5-4ad3-b6bd-33a98b70dbe2"><testcase classname="backend.tests.test_iteration72_refactored_routes.TestHealthCheck" name="test_health_endpoint" time="0.258" /><testcase classname="backend.tests.test_iteration72_refactored_routes.TestSubscriptionPlans" name="test_get_subscription_plans" time="0.097" /><testcase classname="backend.tests.test_iteration72_refactored_routes.TestSubscriptionPlans" name="test_get_my_plan_requires_auth" time="0.100" /><testcase classname="backend.tests.test_iteration72_refactored_routes.TestSubscriptionPlans" name="test_get_my_plan_authenticated" time="0.446" /><testcase classname="backend.tests.test_iteration72_refactored_routes.TestAnalyticsEndpoints" name="test_analytics_overview_requires_auth" time="0.109" /><testcase classname="backend.tests.test_iteration72_refactored_routes.TestAnalyticsEndpoints" name="test_analytics_overview_authenticated" time="0.115" /><testcase classname="backend.tests.test_iteration72_refactored_routes.TestAnalyticsEndpoints" name="test_analytics_trending_requires_auth" time="0.099" /><testcase classname="backend.tests.test_iteration72_refactored_routes.TestAnalyticsEndpoints" name="test_analytics_trending_authenticated" time="0.111" /><testcase classname="backend.tests.test_iteration72_refactored_routes.TestAnalyticsEndpoints" name="test_analytics_leaderboard_requires_auth" time="0.140" /><testcase classname="backend.tests.test_iteration72_refactored_routes.TestAnalyticsEndpoints" name="test_analytics_leaderboard_authenticated" time="0.146" /><testcase classname="backend.tests.test_iteration72_refactored_routes.TestAnalyticsEndpoints" name="test_revenue_calculator_requires_auth" time="0.121" /><testcase classname="backend.tests.test_iteration72_refactored_routes.TestAnalyticsEndpoints" name="test_revenue_calculator_authenticated" time="0.144" /><testcase classname="backend.tests.test_iteration72_refactored_routes.TestAnalyticsEndpoints" name="test_revenue_overview_requires_auth" time="0.100" /><testcase classname="backend.tests.test_iteration72_refactored_routes.TestAnalyticsEndpoints" name="test_revenue_overview_authenticated" time="0.164" /><testcase classname="backend.tests.test_iteration72_refactored_routes.TestAnalyticsEndpoints" name="test_revenue_export_csv_requires_auth" time="0.108" /><testcase classname="backend.tests.test_iteration72_refactored_routes.TestAnalyticsEndpoints" name="test_revenue_export_csv_authenticated" time="0.124" /><testcase classname="backend.tests.test_iteration72_refactored_routes.TestAnalyticsEndpoints" name="test_revenue_export_pdf_requires_auth" time="0.250" /><testcase classname="backend.tests.test_iteration72_refactored_routes.TestAnalyticsEndpoints" name="test_revenue_export_pdf_authenticated" time="0.136" /><testcase classname="backend.tests.test_iteration72_refactored_routes.TestFanAnalytics" name="test_fan_analytics_overview_requires_auth" time="0.102" /><testcase classname="backend.tests.test_iteration72_refactored_routes.TestFanAnalytics" name="test_fan_analytics_overview_authenticated" time="0.123" /><testcase classname="backend.tests.test_iteration72_refactored_routes.TestGoalsEndpoints" name="test_create_goal_requires_auth" time="0.115" /><testcase classname="backend.tests.test_iteration72_refactored_routes.TestGoalsEndpoints" name="test_goals_crud" time="0.391" /><testcase classname="backend.tests.test_iteration72_refactored_routes.TestReferralEndpoints" name="test_referral_link_requires_auth" time="0.111" /><testcase classname="backend.tests.test_iteration72_refactored_routes.TestReferralEndpoints" name="test_referral_link_authenticated" time="0.095" /><testcase classname="backend.tests.test_iteration72_refactored_routes.TestReferralEndpoints" name="test_referral_stats_requires_auth" time="0.103" /><testcase classname="backend.tests.test_iteration72_refactored_routes.TestReferralEndpoints" name="test_referral_stats_authenticated" time="0.153" /><testcase classname="backend.tests.test_iteration72_refactored_routes.TestPromoCodeEndpoints" name="test_validate_promo_code_no_code" time="0.094" /><testcase classname="backend.tests.test_iteration72_refactored_routes.TestPromoCodeEndpoints" name="test_validate_promo_code_invalid" time="0.150" /><testcase classname="backend.tests.test_iteration72_refactored_routes.TestAdminPromoCodeEndpoints" name="test_admin_promo_codes_requires_admin" time="0.113" /><testcase classname="backend.tests.test_iteration72_refactored_routes.TestAdminReferralOverview" name="test_admin_referral_overview_requires_admin" time="0.103" /><testcase classname="backend.tests.test_iteration72_refactored_routes.TestReleaseAnalytics" name="test_release_analytics_requires_auth" time="0.100" /><testcase classname="backend.tests.test_iteration72_refactored_routes.TestReleaseAnalytics" name="test_release_analytics_not_found" time="0.103" /></testsuite></testsuites>