<?xml version="1.0" encoding="utf-8"?><testsuites name="pytest tests"><testsuite name="pytest" errors="0" failures="0" skipped="0" tests="17" time="12.240" timestamp="2026-04-06T11:22:03.648305+00:00" hostname="agent-env-699fcce3-40a5-4ad3-b6bd-33a98b70dbe2"><testcase classname="backend.tests.test_iteration70_registration_notifications.TestSetRole" name="test_set_role_artist" time="0.453" /><testcase classname="backend.tests.test_iteration70_registration_notifications.TestSetRole" name="test_set_role_producer" time="0.454" /><testcase classname="backend.tests.test_iteration70_registration_notifications.TestSetRole" name="test_set_role_label" time="0.446" /><testcase classname="backend.tests.test_iteration70_registration_notifications.TestSetRole" name="test_set_role_invalid" time="0.448" /><testcase classname="backend.tests.test_iteration70_registration_notifications.TestRegistrationUserRole" name="test_register_with_user_role_artist" time="0.323" /><testcase classname="backend.tests.test_iteration70_registration_notifications.TestRegistrationUserRole" name="test_register_with_user_role_producer" time="0.373" /><testcase classname="backend.tests.test_iteration70_registration_notifications.TestRegistrationUserRole" name="test_register_with_user_role_label" time="0.368" /><testcase classname="backend.tests.test_iteration70_registration_notifications.TestAdminSignupNotifications" name="test_both_admins_receive_signup_notification" time="2.286" /><testcase classname="backend.tests.test_iteration70_registration_notifications.TestAdminNotificationsBank" name="test_get_notifications_bank_paginated" time="0.426" /><testcase classname="backend.tests.test_iteration70_registration_notifications.TestAdminNotificationsBank" name="test_filter_by_type_new_signup" time="0.433" /><testcase classname="backend.tests.test_iteration70_registration_notifications.TestAdminNotificationsBank" name="test_filter_by_read_false" time="0.426" /><testcase classname="backend.tests.test_iteration70_registration_notifications.TestAdminNotificationsBank" name="test_search_by_message" time="1.776" /><testcase classname="backend.tests.test_iteration70_registration_notifications.TestAdminNotificationsBank" name="test_mark_notification_as_read" time="0.631" /><testcase classname="backend.tests.test_iteration70_registration_notifications.TestAdminNotificationsBank" name="test_mark_all_as_read" time="0.439" /><testcase classname="backend.tests.test_iteration70_registration_notifications.TestAdminNotificationsBank" name="test_delete_notification" time="1.977" /><testcase classname="backend.tests.test_iteration70_registration_notifications.TestCSVImportAnalytics" name="test_csv_import_creates_stream_events" time="0.464" /><testcase classname="backend.tests.test_iteration70_registration_notifications.TestCSVImportAnalytics" name="test_analytics_overview_after_import" time="0.442" /></testsuite></testsuites>