<?xml version="1.0" encoding="utf-8"?><testsuites name="pytest tests"><testsuite name="pytest" errors="0" failures="0" skipped="0" tests="10" time="53.777" timestamp="2026-04-02T19:55:15.836801+00:00" hostname="agent-env-dbac93c7-8c61-4d68-9acc-9338b250dcc8"><testcase classname="tests.test_iteration24_ai_release_strategy.TestAIReleaseStrategyBackend" name="test_release_strategy_requires_auth" time="0.272" /><testcase classname="tests.test_iteration24_ai_release_strategy.TestAIReleaseStrategyBackend" name="test_release_strategy_basic_request" time="7.964" /><testcase classname="tests.test_iteration24_ai_release_strategy.TestAIReleaseStrategyBackend" name="test_release_strategy_with_optional_fields" time="7.068" /><testcase classname="tests.test_iteration24_ai_release_strategy.TestAIReleaseStrategyBackend" name="test_release_strategy_response_structure" time="7.331" /><testcase classname="tests.test_iteration24_ai_release_strategy.TestAIReleaseStrategyBackend" name="test_release_strategy_data_summary" time="7.294" /><testcase classname="tests.test_iteration24_ai_release_strategy.TestAIReleaseStrategyBackend" name="test_release_strategy_target_platforms_structure" time="4.764" /><testcase classname="tests.test_iteration24_ai_release_strategy.TestAIReleaseStrategyBackend" name="test_release_strategy_geographic_strategy_structure" time="6.935" /><testcase classname="tests.test_iteration24_ai_release_strategy.TestAIReleaseStrategyBackend" name="test_release_strategy_pre_release_timeline_structure" time="5.790" /><testcase classname="tests.test_iteration24_ai_release_strategy.TestAIReleaseStrategyBackend" name="test_release_strategy_promotion_tips_structure" time="5.809" /><testcase classname="tests.test_iteration24_ai_release_strategy.TestFanAnalyticsEndpoint" name="test_fan_analytics_overview" time="0.481" /></testsuite></testsuites>