<?xml version="1.0" encoding="utf-8"?><testsuites name="pytest tests"><testsuite name="pytest" errors="0" failures="0" skipped="0" tests="17" time="10.318" timestamp="2026-04-02T22:11:49.846282+00:00" hostname="agent-env-dbac93c7-8c61-4d68-9acc-9338b250dcc8"><testcase classname="backend.tests.test_iteration31_goals.TestGoalsAuthentication" name="test_create_goal_requires_auth" time="0.256" /><testcase classname="backend.tests.test_iteration31_goals.TestGoalsAuthentication" name="test_get_goals_requires_auth" time="0.123" /><testcase classname="backend.tests.test_iteration31_goals.TestGoalsAuthentication" name="test_delete_goal_requires_auth" time="0.145" /><testcase classname="backend.tests.test_iteration31_goals.TestGoalsCreate" name="test_create_goal_success" time="0.625" /><testcase classname="backend.tests.test_iteration31_goals.TestGoalsCreate" name="test_create_goal_with_auto_title" time="0.557" /><testcase classname="backend.tests.test_iteration31_goals.TestGoalsCreate" name="test_create_goal_invalid_type" time="0.492" /><testcase classname="backend.tests.test_iteration31_goals.TestGoalsCreate" name="test_create_goal_all_valid_types" time="1.947" /><testcase classname="backend.tests.test_iteration31_goals.TestGoalsGet" name="test_get_goals_returns_structure" time="0.478" /><testcase classname="backend.tests.test_iteration31_goals.TestGoalsGet" name="test_get_goals_current_metrics_all_types" time="0.453" /><testcase classname="backend.tests.test_iteration31_goals.TestGoalsGet" name="test_get_goals_progress_calculation" time="0.703" /><testcase classname="backend.tests.test_iteration31_goals.TestGoalsGet" name="test_get_goals_auto_complete" time="0.818" /><testcase classname="backend.tests.test_iteration31_goals.TestGoalsGet" name="test_get_goals_milestone_notification_created" time="0.934" /><testcase classname="backend.tests.test_iteration31_goals.TestGoalsGet" name="test_get_goals_days_left_calculation" time="0.670" /><testcase classname="backend.tests.test_iteration31_goals.TestGoalsDelete" name="test_delete_goal_success" time="0.668" /><testcase classname="backend.tests.test_iteration31_goals.TestGoalsDelete" name="test_delete_goal_not_found" time="0.419" /><testcase classname="backend.tests.test_iteration31_goals.TestRegressionEndpoints" name="test_leaderboard_still_works" time="0.464" /><testcase classname="backend.tests.test_iteration31_goals.TestRegressionEndpoints" name="test_revenue_still_works" time="0.468" /></testsuite></testsuites>