<?xml version="1.0" encoding="utf-8"?><testsuites name="pytest tests"><testsuite name="pytest" errors="0" failures="0" skipped="0" tests="20" time="9.735" timestamp="2026-04-02T15:53:14.019223+00:00" hostname="agent-env-079514ea-0774-40b5-a9ef-d14177382677"><testcase classname="backend.tests.test_iteration17_beat_purchase_wizard.TestHealthAndAuth" name="test_health_check" time="0.247" /><testcase classname="backend.tests.test_iteration17_beat_purchase_wizard.TestHealthAndAuth" name="test_admin_login" time="0.336" /><testcase classname="backend.tests.test_iteration17_beat_purchase_wizard.TestBeatsPublicEndpoints" name="test_get_beats_public" time="0.146" /><testcase classname="backend.tests.test_iteration17_beat_purchase_wizard.TestBeatsPublicEndpoints" name="test_get_beats_with_limit" time="0.125" /><testcase classname="backend.tests.test_iteration17_beat_purchase_wizard.TestBeatsPublicEndpoints" name="test_get_single_beat" time="0.265" /><testcase classname="backend.tests.test_iteration17_beat_purchase_wizard.TestBeatPurchaseCheckout" name="test_beat_purchase_checkout_requires_auth" time="0.275" /><testcase classname="backend.tests.test_iteration17_beat_purchase_wizard.TestBeatPurchaseCheckout" name="test_beat_purchase_checkout_creates_session" time="1.514" /><testcase classname="backend.tests.test_iteration17_beat_purchase_wizard.TestBeatPurchaseCheckout" name="test_beat_purchase_checkout_premium_lease" time="1.011" /><testcase classname="backend.tests.test_iteration17_beat_purchase_wizard.TestBeatPurchaseCheckout" name="test_beat_purchase_checkout_invalid_license" time="0.570" /><testcase classname="backend.tests.test_iteration17_beat_purchase_wizard.TestBeatPurchaseCheckout" name="test_beat_purchase_checkout_invalid_beat" time="0.440" /><testcase classname="backend.tests.test_iteration17_beat_purchase_wizard.TestBeatPurchases" name="test_get_beat_purchases_requires_auth" time="0.149" /><testcase classname="backend.tests.test_iteration17_beat_purchase_wizard.TestBeatPurchases" name="test_get_beat_purchases" time="0.461" /><testcase classname="backend.tests.test_iteration17_beat_purchase_wizard.TestEmailReceipts" name="test_send_receipt_requires_auth" time="0.126" /><testcase classname="backend.tests.test_iteration17_beat_purchase_wizard.TestEmailReceipts" name="test_send_receipt_requires_transaction_id" time="0.444" /><testcase classname="backend.tests.test_iteration17_beat_purchase_wizard.TestEmailReceipts" name="test_send_receipt_invalid_transaction" time="0.450" /><testcase classname="backend.tests.test_iteration17_beat_purchase_wizard.TestReleaseWizard" name="test_create_release_requires_auth" time="0.111" /><testcase classname="backend.tests.test_iteration17_beat_purchase_wizard.TestReleaseWizard" name="test_create_release_success" time="0.733" /><testcase classname="backend.tests.test_iteration17_beat_purchase_wizard.TestReleaseWizard" name="test_get_releases" time="0.459" /><testcase classname="backend.tests.test_iteration17_beat_purchase_wizard.TestDistributionStores" name="test_get_distribution_stores" time="0.296" /><testcase classname="backend.tests.test_iteration17_beat_purchase_wizard.TestSubscriptionPlans" name="test_get_subscription_plans" time="1.479" /></testsuite></testsuites>