<?xml version="1.0" encoding="utf-8"?><testsuites name="pytest tests"><testsuite name="pytest" errors="0" failures="0" skipped="0" tests="16" time="5.067" timestamp="2026-04-02T08:44:28.657599+00:00" hostname="agent-env-079514ea-0774-40b5-a9ef-d14177382677"><testcase classname="tests.test_auth_iteration8.TestAuthLoginResponse" name="test_login_returns_access_token" time="0.432" /><testcase classname="tests.test_auth_iteration8.TestAuthLoginResponse" name="test_login_also_sets_cookies" time="0.334" /><testcase classname="tests.test_auth_iteration8.TestAuthRegisterResponse" name="test_register_returns_access_token" time="0.327" /><testcase classname="tests.test_auth_iteration8.TestAuthRegisterResponse" name="test_register_with_new_fields" time="0.321" /><testcase classname="tests.test_auth_iteration8.TestAuthMeWithBearerToken" name="test_auth_me_with_bearer_token" time="0.419" /><testcase classname="tests.test_auth_iteration8.TestAuthMeWithBearerToken" name="test_auth_me_with_cookies" time="0.363" /><testcase classname="tests.test_auth_iteration8.TestAuthenticatedEndpointsWithBearerToken" name="test_cart_with_bearer_token" time="0.447" /><testcase classname="tests.test_auth_iteration8.TestAuthenticatedEndpointsWithBearerToken" name="test_theme_with_bearer_token" time="0.444" /><testcase classname="tests.test_auth_iteration8.TestAuthenticatedEndpointsWithBearerToken" name="test_credits_with_bearer_token" time="0.416" /><testcase classname="tests.test_auth_iteration8.TestAuthenticatedEndpointsWithBearerToken" name="test_payment_methods_with_bearer_token" time="0.444" /><testcase classname="tests.test_auth_iteration8.TestAuthenticatedEndpointsWithBearerToken" name="test_analytics_chart_data_with_bearer_token" time="0.490" /><testcase classname="tests.test_auth_iteration8.TestPublicEndpoints" name="test_cms_slides_public" time="0.093" /><testcase classname="tests.test_auth_iteration8.TestPublicEndpoints" name="test_health_public" time="0.114" /><testcase classname="tests.test_auth_iteration8.TestInvalidAuth" name="test_invalid_credentials" time="0.130" /><testcase classname="tests.test_auth_iteration8.TestInvalidAuth" name="test_invalid_bearer_token" time="0.103" /><testcase classname="tests.test_auth_iteration8.TestInvalidAuth" name="test_missing_auth" time="0.097" /></testsuite></testsuites>