<?xml version="1.0" encoding="utf-8"?><testsuites name="pytest tests"><testsuite name="pytest" errors="0" failures="0" skipped="0" tests="20" time="8.804" timestamp="2026-04-03T21:11:50.210603+00:00" hostname="agent-env-699fcce3-40a5-4ad3-b6bd-33a98b70dbe2"><testcase classname="backend.tests.test_iteration39_admin_royalty_import.TestAdminRoyaltyImportAuth" name="test_admin_import_requires_auth" time="0.260" /><testcase classname="backend.tests.test_iteration39_admin_royalty_import.TestAdminRoyaltyImportAuth" name="test_admin_list_imports_requires_auth" time="0.114" /><testcase classname="backend.tests.test_iteration39_admin_royalty_import.TestAdminRoyaltyImportAuth" name="test_admin_import_detail_requires_auth" time="0.117" /><testcase classname="backend.tests.test_iteration39_admin_royalty_import.TestAdminRoyaltyImportAuth" name="test_admin_assign_entry_requires_auth" time="0.133" /><testcase classname="backend.tests.test_iteration39_admin_royalty_import.TestAdminRoyaltyImportAuth" name="test_admin_get_users_requires_auth" time="0.159" /><testcase classname="backend.tests.test_iteration39_admin_royalty_import.TestAdminRoyaltyImportNonAdmin" name="test_non_admin_cannot_import" time="0.503" /><testcase classname="backend.tests.test_iteration39_admin_royalty_import.TestAdminRoyaltyImportNonAdmin" name="test_non_admin_cannot_list_imports" time="0.486" /><testcase classname="backend.tests.test_iteration39_admin_royalty_import.TestAdminRoyaltyImportNonAdmin" name="test_non_admin_cannot_get_users" time="0.442" /><testcase classname="backend.tests.test_iteration39_admin_royalty_import.TestAdminRoyaltyImportFunctionality" name="test_admin_import_csv_success" time="0.488" /><testcase classname="backend.tests.test_iteration39_admin_royalty_import.TestAdminRoyaltyImportFunctionality" name="test_admin_list_imports" time="0.444" /><testcase classname="backend.tests.test_iteration39_admin_royalty_import.TestAdminRoyaltyImportFunctionality" name="test_admin_get_import_detail" time="0.652" /><testcase classname="backend.tests.test_iteration39_admin_royalty_import.TestAdminRoyaltyImportFunctionality" name="test_admin_get_import_detail_not_found" time="0.436" /><testcase classname="backend.tests.test_iteration39_admin_royalty_import.TestAdminRoyaltyImportFunctionality" name="test_admin_get_all_users_for_assign" time="0.430" /><testcase classname="backend.tests.test_iteration39_admin_royalty_import.TestAdminRoyaltyImportFunctionality" name="test_admin_assign_unmatched_entry" time="0.996" /><testcase classname="backend.tests.test_iteration39_admin_royalty_import.TestAdminRoyaltyImportFunctionality" name="test_admin_assign_entry_not_found" time="0.444" /><testcase classname="backend.tests.test_iteration39_admin_royalty_import.TestAdminRoyaltyImportFunctionality" name="test_admin_import_requires_artist_column" time="0.465" /><testcase classname="backend.tests.test_iteration39_admin_royalty_import.TestAdminRoyaltyImportFunctionality" name="test_admin_import_no_file" time="0.450" /><testcase classname="backend.tests.test_iteration39_admin_royalty_import.TestLabelDashboardNoImport" name="test_label_royalties_export_csv_works" time="0.443" /><testcase classname="backend.tests.test_iteration39_admin_royalty_import.TestLabelDashboardNoImport" name="test_label_royalties_export_pdf_works" time="0.736" /><testcase classname="backend.tests.test_iteration39_admin_royalty_import.TestLabelDashboardNoImport" name="test_label_royalties_endpoint_exists" time="0.495" /></testsuite></testsuites>