<?xml version="1.0" encoding="utf-8"?><testsuites name="pytest tests"><testsuite name="pytest" errors="0" failures="0" skipped="0" tests="25" time="11.244" timestamp="2026-04-02T17:17:01.726096+00:00" hostname="agent-env-dbac93c7-8c61-4d68-9acc-9338b250dcc8"><testcase classname="backend.tests.test_iteration20_collabs_stats_prefs.TestHealthAndAuth" name="test_health_check" time="0.177" /><testcase classname="backend.tests.test_iteration20_collabs_stats_prefs.TestHealthAndAuth" name="test_admin_login" time="0.336" /><testcase classname="backend.tests.test_iteration20_collabs_stats_prefs.TestCollaborations" name="test_get_collaborations_requires_auth" time="0.469" /><testcase classname="backend.tests.test_iteration20_collabs_stats_prefs.TestCollaborations" name="test_get_collaborations" time="0.386" /><testcase classname="backend.tests.test_iteration20_collabs_stats_prefs.TestCollaborations" name="test_get_invitations_requires_auth" time="0.478" /><testcase classname="backend.tests.test_iteration20_collabs_stats_prefs.TestCollaborations" name="test_get_invitations" time="0.386" /><testcase classname="backend.tests.test_iteration20_collabs_stats_prefs.TestCollaborations" name="test_invite_collaborator_requires_auth" time="0.438" /><testcase classname="backend.tests.test_iteration20_collabs_stats_prefs.TestCollaborations" name="test_invite_collaborator_invalid_release" time="0.399" /><testcase classname="backend.tests.test_iteration20_collabs_stats_prefs.TestCollaborations" name="test_invite_collaborator_cannot_invite_self" time="0.430" /><testcase classname="backend.tests.test_iteration20_collabs_stats_prefs.TestCollaborations" name="test_update_split_requires_auth" time="0.494" /><testcase classname="backend.tests.test_iteration20_collabs_stats_prefs.TestCollaborations" name="test_delete_collaboration_requires_auth" time="0.461" /><testcase classname="backend.tests.test_iteration20_collabs_stats_prefs.TestCollaborations" name="test_get_release_collaborators_requires_auth" time="0.449" /><testcase classname="backend.tests.test_iteration20_collabs_stats_prefs.TestCollaborations" name="test_get_release_collaborators" time="0.463" /><testcase classname="backend.tests.test_iteration20_collabs_stats_prefs.TestCollaborationWorkflow" name="test_collaboration_workflow" time="0.889" /><testcase classname="backend.tests.test_iteration20_collabs_stats_prefs.TestDSPImport" name="test_import_requires_auth" time="0.452" /><testcase classname="backend.tests.test_iteration20_collabs_stats_prefs.TestDSPImport" name="test_import_csv_data" time="0.385" /><testcase classname="backend.tests.test_iteration20_collabs_stats_prefs.TestShareStats" name="test_milestones_requires_auth" time="0.460" /><testcase classname="backend.tests.test_iteration20_collabs_stats_prefs.TestShareStats" name="test_get_milestones" time="0.408" /><testcase classname="backend.tests.test_iteration20_collabs_stats_prefs.TestShareStats" name="test_share_card_requires_auth" time="0.442" /><testcase classname="backend.tests.test_iteration20_collabs_stats_prefs.TestShareStats" name="test_get_share_card" time="0.480" /><testcase classname="backend.tests.test_iteration20_collabs_stats_prefs.TestNotificationPreferences" name="test_get_prefs_requires_auth" time="0.461" /><testcase classname="backend.tests.test_iteration20_collabs_stats_prefs.TestNotificationPreferences" name="test_get_notification_preferences" time="0.409" /><testcase classname="backend.tests.test_iteration20_collabs_stats_prefs.TestNotificationPreferences" name="test_update_prefs_requires_auth" time="0.464" /><testcase classname="backend.tests.test_iteration20_collabs_stats_prefs.TestNotificationPreferences" name="test_update_notification_preferences" time="0.507" /><testcase classname="backend.tests.test_iteration20_collabs_stats_prefs.TestNotificationPreferences" name="test_update_invalid_preference" time="0.442" /></testsuite></testsuites>