<?xml version="1.0" encoding="utf-8"?><testsuites name="pytest tests"><testsuite name="pytest" errors="0" failures="0" skipped="0" tests="14" time="2.206" timestamp="2026-04-04T14:48:13.141883+00:00" hostname="agent-env-699fcce3-40a5-4ad3-b6bd-33a98b70dbe2"><testcase classname="backend.tests.test_iteration51_analytics_reports.TestAdminLogin" name="test_admin_login_success" time="0.376" /><testcase classname="backend.tests.test_iteration51_analytics_reports.TestAnalyticsReportPreview" name="test_preview_weekly_report" time="0.471" /><testcase classname="backend.tests.test_iteration51_analytics_reports.TestAnalyticsReportPreview" name="test_preview_monthly_report" time="0.105" /><testcase classname="backend.tests.test_iteration51_analytics_reports.TestAnalyticsReportPreview" name="test_preview_without_auth_fails" time="0.106" /><testcase classname="backend.tests.test_iteration51_analytics_reports.TestAnalyticsReportSend" name="test_send_weekly_reports" time="0.102" /><testcase classname="backend.tests.test_iteration51_analytics_reports.TestAnalyticsReportSend" name="test_send_monthly_reports" time="0.119" /><testcase classname="backend.tests.test_iteration51_analytics_reports.TestAnalyticsReportSend" name="test_send_without_auth_fails" time="0.126" /><testcase classname="backend.tests.test_iteration51_analytics_reports.TestAnalyticsReportPreferences" name="test_get_preferences" time="0.102" /><testcase classname="backend.tests.test_iteration51_analytics_reports.TestAnalyticsReportPreferences" name="test_update_preferences" time="0.306" /><testcase classname="backend.tests.test_iteration51_analytics_reports.TestAnalyticsReportPreferences" name="test_preferences_without_auth_fails" time="0.099" /><testcase classname="backend.tests.test_iteration51_analytics_reports.TestNonAdminAccess" name="test_non_admin_preview_fails" time="0.000" /><testcase classname="backend.tests.test_iteration51_analytics_reports.TestNonAdminAccess" name="test_non_admin_send_fails" time="0.000" /><testcase classname="backend.tests.test_iteration51_analytics_reports.TestRegressionChecks" name="test_referral_endpoint_still_works" time="0.099" /><testcase classname="backend.tests.test_iteration51_analytics_reports.TestRegressionChecks" name="test_auth_me_endpoint_works" time="0.111" /></testsuite></testsuites>