<?xml version="1.0" encoding="utf-8"?><testsuites name="pytest tests"><testsuite name="pytest" errors="0" failures="0" skipped="0" tests="16" time="5.050" timestamp="2026-04-02T13:12:01.003895+00:00" hostname="agent-env-079514ea-0774-40b5-a9ef-d14177382677"><testcase classname="backend.tests.test_iteration12_beats.TestHealthCheck" name="test_health_endpoint" time="0.202" /><testcase classname="backend.tests.test_iteration12_beats.TestBeatsPublicEndpoints" name="test_list_beats_returns_seeded_data" time="0.153" /><testcase classname="backend.tests.test_iteration12_beats.TestBeatsPublicEndpoints" name="test_list_beats_filter_by_genre" time="0.116" /><testcase classname="backend.tests.test_iteration12_beats.TestBeatsPublicEndpoints" name="test_get_single_beat" time="0.270" /><testcase classname="backend.tests.test_iteration12_beats.TestBeatsPublicEndpoints" name="test_get_nonexistent_beat_returns_404" time="0.153" /><testcase classname="backend.tests.test_iteration12_beats.TestBeatsAdminEndpoints" name="test_create_beat_requires_auth" time="0.138" /><testcase classname="backend.tests.test_iteration12_beats.TestBeatsAdminEndpoints" name="test_create_beat_as_admin" time="0.549" /><testcase classname="backend.tests.test_iteration12_beats.TestBeatsAdminEndpoints" name="test_update_beat_requires_auth" time="0.207" /><testcase classname="backend.tests.test_iteration12_beats.TestBeatsAdminEndpoints" name="test_update_beat_as_admin" time="0.665" /><testcase classname="backend.tests.test_iteration12_beats.TestBeatsAdminEndpoints" name="test_delete_beat_requires_auth" time="0.205" /><testcase classname="backend.tests.test_iteration12_beats.TestBeatsAdminEndpoints" name="test_delete_beat_as_admin" time="0.643" /><testcase classname="backend.tests.test_iteration12_beats.TestBeatsAdminEndpoints" name="test_delete_nonexistent_beat_returns_404" time="0.436" /><testcase classname="backend.tests.test_iteration12_beats.TestAuthEndpoints" name="test_login_with_admin_credentials" time="0.384" /><testcase classname="backend.tests.test_iteration12_beats.TestAuthEndpoints" name="test_login_with_invalid_credentials" time="0.336" /><testcase classname="backend.tests.test_iteration12_beats.TestAuthEndpoints" name="test_register_new_user" time="0.352" /><testcase classname="backend.tests.test_iteration12_beats.TestAuthEndpoints" name="test_register_duplicate_email_fails" time="0.142" /></testsuite></testsuites>