<?xml version="1.0" encoding="utf-8"?><testsuites name="pytest tests"><testsuite name="pytest" errors="0" failures="0" skipped="0" tests="12" time="5.538" timestamp="2026-04-04T14:58:49.038286+00:00" hostname="agent-env-699fcce3-40a5-4ad3-b6bd-33a98b70dbe2"><testcase classname="backend.tests.test_iteration52_calendar.TestCalendarEndpoints" name="test_get_calendar_events_returns_events_array" time="0.511" /><testcase classname="backend.tests.test_iteration52_calendar.TestCalendarEndpoints" name="test_get_calendar_events_without_params_uses_current_month" time="0.416" /><testcase classname="backend.tests.test_iteration52_calendar.TestCalendarEndpoints" name="test_create_calendar_event_success" time="0.452" /><testcase classname="backend.tests.test_iteration52_calendar.TestCalendarEndpoints" name="test_create_calendar_event_minimal" time="0.449" /><testcase classname="backend.tests.test_iteration52_calendar.TestCalendarEndpoints" name="test_create_and_verify_event_in_calendar" time="0.485" /><testcase classname="backend.tests.test_iteration52_calendar.TestCalendarEndpoints" name="test_delete_calendar_event_success" time="0.531" /><testcase classname="backend.tests.test_iteration52_calendar.TestCalendarEndpoints" name="test_delete_nonexistent_event_returns_404" time="0.411" /><testcase classname="backend.tests.test_iteration52_calendar.TestCalendarEndpoints" name="test_get_upcoming_events" time="0.431" /><testcase classname="backend.tests.test_iteration52_calendar.TestCalendarEndpoints" name="test_create_future_event_appears_in_upcoming" time="0.484" /><testcase classname="backend.tests.test_iteration52_calendar.TestCalendarEndpoints" name="test_industry_dates_on_correct_days" time="0.398" /><testcase classname="backend.tests.test_iteration52_calendar.TestCalendarEndpoints" name="test_calendar_events_without_auth_returns_401" time="0.439" /><testcase classname="backend.tests.test_iteration52_calendar.TestCalendarEndpoints" name="test_create_event_without_auth_returns_401" time="0.437" /></testsuite></testsuites>