<?xml version="1.0" encoding="utf-8"?><testsuites name="pytest tests"><testsuite name="pytest" errors="0" failures="0" skipped="0" tests="18" time="4.485" timestamp="2026-04-02T22:44:15.682043+00:00" hostname="agent-env-699fcce3-40a5-4ad3-b6bd-33a98b70dbe2"><testcase classname="backend.tests.test_iteration32_artist_profile.TestArtistProfileSlugEndpoints" name="test_get_slug_requires_auth" time="0.386" /><testcase classname="backend.tests.test_iteration32_artist_profile.TestArtistProfileSlugEndpoints" name="test_get_slug_returns_slug" time="0.479" /><testcase classname="backend.tests.test_iteration32_artist_profile.TestArtistProfileSlugEndpoints" name="test_get_slug_auto_generates_if_none" time="0.103" /><testcase classname="backend.tests.test_iteration32_artist_profile.TestArtistProfileSlugEndpoints" name="test_set_slug_requires_auth" time="0.127" /><testcase classname="backend.tests.test_iteration32_artist_profile.TestArtistProfileSlugEndpoints" name="test_set_slug_success" time="0.210" /><testcase classname="backend.tests.test_iteration32_artist_profile.TestArtistProfileSlugEndpoints" name="test_set_slug_rejects_short_slug" time="0.116" /><testcase classname="backend.tests.test_iteration32_artist_profile.TestArtistProfileSlugEndpoints" name="test_set_slug_empty_generates_random" time="0.114" /><testcase classname="backend.tests.test_iteration32_artist_profile.TestArtistProfileSlugEndpoints" name="test_set_slug_normalizes_input" time="0.110" /><testcase classname="backend.tests.test_iteration32_artist_profile.TestArtistProfileSlugEndpoints" name="test_set_slug_duplicate_rejected" time="0.226" /><testcase classname="backend.tests.test_iteration32_artist_profile.TestPublicArtistProfile" name="test_public_profile_no_auth_required" time="0.576" /><testcase classname="backend.tests.test_iteration32_artist_profile.TestPublicArtistProfile" name="test_public_profile_returns_artist_data" time="0.120" /><testcase classname="backend.tests.test_iteration32_artist_profile.TestPublicArtistProfile" name="test_public_profile_returns_optional_fields" time="0.136" /><testcase classname="backend.tests.test_iteration32_artist_profile.TestPublicArtistProfile" name="test_public_profile_releases_structure" time="0.126" /><testcase classname="backend.tests.test_iteration32_artist_profile.TestPublicArtistProfile" name="test_public_profile_presave_campaigns_structure" time="0.123" /><testcase classname="backend.tests.test_iteration32_artist_profile.TestPublicArtistProfile" name="test_public_profile_404_for_nonexistent_slug" time="0.114" /><testcase classname="backend.tests.test_iteration32_artist_profile.TestPublicArtistProfile" name="test_public_profile_excludes_sensitive_data" time="0.109" /><testcase classname="backend.tests.test_iteration32_artist_profile.TestSlugValidation" name="test_slug_with_spaces_converted_to_dashes" time="0.458" /><testcase classname="backend.tests.test_iteration32_artist_profile.TestSlugValidation" name="test_slug_with_uppercase_converted_to_lowercase" time="0.752" /></testsuite></testsuites>