<?xml version="1.0" encoding="utf-8"?><testsuites name="pytest tests"><testsuite name="pytest" errors="0" failures="0" skipped="0" tests="14" time="7.732" timestamp="2026-04-04T17:09:46.932172+00:00" hostname="agent-env-699fcce3-40a5-4ad3-b6bd-33a98b70dbe2"><testcase classname="backend.tests.test_iteration57_beat_contracts.TestBeatContractFlow" name="test_01_login_with_admin_credentials" time="0.642" /><testcase classname="backend.tests.test_iteration57_beat_contracts.TestBeatContractFlow" name="test_02_get_beats_list" time="0.375" /><testcase classname="backend.tests.test_iteration57_beat_contracts.TestBeatContractFlow" name="test_03_sign_contract_success" time="0.431" /><testcase classname="backend.tests.test_iteration57_beat_contracts.TestBeatContractFlow" name="test_04_sign_contract_nonexistent_beat" time="0.422" /><testcase classname="backend.tests.test_iteration57_beat_contracts.TestBeatContractFlow" name="test_05_sign_contract_invalid_license_type" time="0.465" /><testcase classname="backend.tests.test_iteration57_beat_contracts.TestBeatContractFlow" name="test_06_get_contract_details" time="0.483" /><testcase classname="backend.tests.test_iteration57_beat_contracts.TestBeatContractFlow" name="test_07_get_contract_pdf" time="0.529" /><testcase classname="backend.tests.test_iteration57_beat_contracts.TestBeatContractFlow" name="test_08_checkout_requires_contract" time="0.431" /><testcase classname="backend.tests.test_iteration57_beat_contracts.TestBeatContractFlow" name="test_09_checkout_with_valid_contract" time="0.896" /><testcase classname="backend.tests.test_iteration57_beat_contracts.TestBeatContractFlow" name="test_10_admin_list_contracts" time="0.371" /><testcase classname="backend.tests.test_iteration57_beat_contracts.TestBeatContractFlow" name="test_11_admin_contracts_forbidden_for_non_admin" time="0.752" /><testcase classname="backend.tests.test_iteration57_beat_contracts.TestBeatContractFlow" name="test_12_all_license_types_work" time="0.565" /><testcase classname="backend.tests.test_iteration57_beat_contracts.TestBeatContractFlow" name="test_13_contract_contains_license_terms" time="0.463" /><testcase classname="backend.tests.test_iteration57_beat_contracts.TestContractAccessControl" name="test_contract_access_denied_for_other_user" time="0.834" /></testsuite></testsuites>