<?xml version="1.0" encoding="utf-8"?><testsuites name="pytest tests"><testsuite name="pytest" errors="0" failures="0" skipped="0" tests="18" time="3.638" timestamp="2026-04-04T18:46:07.317078+00:00" hostname="agent-env-699fcce3-40a5-4ad3-b6bd-33a98b70dbe2"><testcase classname="backend.tests.test_iteration61_payout_features.TestAuth" name="test_admin_login" time="0.410" /><testcase classname="backend.tests.test_iteration61_payout_features.TestWalletWithdrawThreshold" name="test_withdraw_below_threshold_fails" time="0.373" /><testcase classname="backend.tests.test_iteration61_payout_features.TestWalletWithdrawThreshold" name="test_withdraw_at_threshold_boundary" time="0.046" /><testcase classname="backend.tests.test_iteration61_payout_features.TestWalletWithdrawThreshold" name="test_withdraw_exactly_100_requires_balance" time="0.099" /><testcase classname="backend.tests.test_iteration61_payout_features.TestPayoutScheduleSettings" name="test_get_schedule_returns_config" time="0.390" /><testcase classname="backend.tests.test_iteration61_payout_features.TestPayoutScheduleSettings" name="test_update_schedule_frequency" time="0.123" /><testcase classname="backend.tests.test_iteration61_payout_features.TestPayoutScheduleSettings" name="test_update_schedule_day_of_month" time="0.059" /><testcase classname="backend.tests.test_iteration61_payout_features.TestPayoutScheduleSettings" name="test_update_schedule_threshold" time="0.120" /><testcase classname="backend.tests.test_iteration61_payout_features.TestPayoutScheduleSettings" name="test_update_schedule_auto_process" time="0.054" /><testcase classname="backend.tests.test_iteration61_payout_features.TestPayoutScheduleSettings" name="test_update_schedule_notify_email" time="0.112" /><testcase classname="backend.tests.test_iteration61_payout_features.TestPayoutScheduleSettings" name="test_schedule_non_admin_forbidden" time="0.382" /><testcase classname="backend.tests.test_iteration61_payout_features.TestPayoutScheduleSettings" name="test_schedule_update_non_admin_forbidden" time="0.054" /><testcase classname="backend.tests.test_iteration61_payout_features.TestAutoProcessPayouts" name="test_auto_process_returns_results" time="0.373" /><testcase classname="backend.tests.test_iteration61_payout_features.TestAutoProcessPayouts" name="test_auto_process_non_admin_forbidden" time="0.378" /><testcase classname="backend.tests.test_iteration61_payout_features.TestExistingPayoutFeatures" name="test_get_payouts_list" time="0.411" /><testcase classname="backend.tests.test_iteration61_payout_features.TestExistingPayoutFeatures" name="test_get_payouts_filter_by_status" time="0.060" /><testcase classname="backend.tests.test_iteration61_payout_features.TestExistingPayoutFeatures" name="test_get_payouts_summary" time="0.058" /><testcase classname="backend.tests.test_iteration61_payout_features.TestExistingPayoutFeatures" name="test_export_csv" time="0.059" /></testsuite></testsuites>