<?xml version="1.0" encoding="utf-8"?><testsuites name="pytest tests"><testsuite name="pytest" errors="0" failures="0" skipped="0" tests="27" time="12.309" timestamp="2026-04-03T20:44:16.447214+00:00" hostname="agent-env-699fcce3-40a5-4ad3-b6bd-33a98b70dbe2"><testcase classname="backend.tests.test_iteration38_payouts_import.TestPayoutExportImport" name="test_export_csv_returns_200" time="0.538" /><testcase classname="backend.tests.test_iteration38_payouts_import.TestPayoutExportImport" name="test_export_csv_content_type" time="0.416" /><testcase classname="backend.tests.test_iteration38_payouts_import.TestPayoutExportImport" name="test_export_csv_has_content_disposition" time="0.429" /><testcase classname="backend.tests.test_iteration38_payouts_import.TestPayoutExportImport" name="test_export_csv_has_headers" time="0.453" /><testcase classname="backend.tests.test_iteration38_payouts_import.TestPayoutExportImport" name="test_export_csv_requires_auth" time="0.429" /><testcase classname="backend.tests.test_iteration38_payouts_import.TestPayoutExportImport" name="test_export_pdf_returns_200" time="0.571" /><testcase classname="backend.tests.test_iteration38_payouts_import.TestPayoutExportImport" name="test_export_pdf_content_type" time="0.378" /><testcase classname="backend.tests.test_iteration38_payouts_import.TestPayoutExportImport" name="test_export_pdf_has_content_disposition" time="0.385" /><testcase classname="backend.tests.test_iteration38_payouts_import.TestPayoutExportImport" name="test_export_pdf_has_content" time="0.380" /><testcase classname="backend.tests.test_iteration38_payouts_import.TestPayoutExportImport" name="test_export_pdf_requires_auth" time="0.482" /><testcase classname="backend.tests.test_iteration38_payouts_import.TestPayoutExportImport" name="test_import_csv_returns_200" time="0.530" /><testcase classname="backend.tests.test_iteration38_payouts_import.TestPayoutExportImport" name="test_import_csv_parses_correctly" time="0.385" /><testcase classname="backend.tests.test_iteration38_payouts_import.TestPayoutExportImport" name="test_import_csv_detects_columns" time="0.393" /><testcase classname="backend.tests.test_iteration38_payouts_import.TestPayoutExportImport" name="test_import_csv_requires_artist_column" time="0.373" /><testcase classname="backend.tests.test_iteration38_payouts_import.TestPayoutExportImport" name="test_import_csv_requires_file" time="0.390" /><testcase classname="backend.tests.test_iteration38_payouts_import.TestPayoutExportImport" name="test_import_csv_requires_auth" time="0.448" /><testcase classname="backend.tests.test_iteration38_payouts_import.TestPayoutExportImport" name="test_list_imports_returns_200" time="0.377" /><testcase classname="backend.tests.test_iteration38_payouts_import.TestPayoutExportImport" name="test_list_imports_has_expected_fields" time="0.451" /><testcase classname="backend.tests.test_iteration38_payouts_import.TestPayoutExportImport" name="test_list_imports_requires_auth" time="0.538" /><testcase classname="backend.tests.test_iteration38_payouts_import.TestPayoutExportImport" name="test_import_detail_returns_200" time="0.506" /><testcase classname="backend.tests.test_iteration38_payouts_import.TestPayoutExportImport" name="test_import_detail_has_entries" time="0.432" /><testcase classname="backend.tests.test_iteration38_payouts_import.TestPayoutExportImport" name="test_import_detail_returns_404_for_invalid_id" time="0.379" /><testcase classname="backend.tests.test_iteration38_payouts_import.TestPayoutExportImport" name="test_import_detail_requires_auth" time="0.457" /><testcase classname="backend.tests.test_iteration38_payouts_import.TestPayoutExportImport" name="test_assign_entry_returns_200" time="0.548" /><testcase classname="backend.tests.test_iteration38_payouts_import.TestPayoutExportImport" name="test_assign_entry_updates_status" time="0.642" /><testcase classname="backend.tests.test_iteration38_payouts_import.TestPayoutExportImport" name="test_assign_entry_returns_404_for_invalid_entry" time="0.393" /><testcase classname="backend.tests.test_iteration38_payouts_import.TestPayoutExportImport" name="test_assign_entry_requires_auth" time="0.496" /></testsuite></testsuites>