<?xml version="1.0" encoding="utf-8"?><testsuites name="pytest tests"><testsuite name="pytest" errors="0" failures="0" skipped="0" tests="9" time="8.543" timestamp="2026-04-06T11:34:13.747251+00:00" hostname="agent-env-699fcce3-40a5-4ad3-b6bd-33a98b70dbe2"><testcase classname="backend.tests.test_iteration71_user_delete.TestAdminUserDelete" name="test_delete_non_admin_user_success" time="0.789" /><testcase classname="backend.tests.test_iteration71_user_delete.TestAdminUserDelete" name="test_delete_admin_user_returns_403" time="0.786" /><testcase classname="backend.tests.test_iteration71_user_delete.TestAdminUserDelete" name="test_delete_second_admin_returns_403" time="0.433" /><testcase classname="backend.tests.test_iteration71_user_delete.TestAdminUserDelete" name="test_delete_nonexistent_user_returns_404" time="0.375" /><testcase classname="backend.tests.test_iteration71_user_delete.TestAdminUserDelete" name="test_delete_user_cleans_up_related_data" time="1.092" /><testcase classname="backend.tests.test_iteration71_user_delete.TestAdminUserDelete" name="test_admin_users_list_shows_delete_button_info" time="0.381" /><testcase classname="backend.tests.test_iteration71_user_delete.TestAdminNotificationsSync" name="test_new_signup_notification_goes_to_both_admins" time="3.171" /><testcase classname="backend.tests.test_iteration71_user_delete.TestAdminNotificationsSync" name="test_new_submission_notification_goes_to_both_admins" time="1.033" /><testcase classname="backend.tests.test_iteration71_user_delete.TestScheduleReminderNotifications" name="test_schedule_check_due_endpoint_exists" time="0.416" /></testsuite></testsuites>