<?xml version="1.0" encoding="utf-8"?><testsuites name="pytest tests"><testsuite name="pytest" errors="0" failures="0" skipped="0" tests="13" time="8.234" timestamp="2026-04-04T15:31:08.079093+00:00" hostname="agent-env-699fcce3-40a5-4ad3-b6bd-33a98b70dbe2"><testcase classname="backend.tests.test_iteration54_security_messaging.TestAdminLogin" name="test_admin_login_success" time="0.461" /><testcase classname="backend.tests.test_iteration54_security_messaging.TestCollabHubSecurity" name="test_browse_posts_no_user_id" time="0.486" /><testcase classname="backend.tests.test_iteration54_security_messaging.TestCollabHubSecurity" name="test_browse_posts_excludes_own_posts" time="0.448" /><testcase classname="backend.tests.test_iteration54_security_messaging.TestCollabHubSecurity" name="test_invites_no_user_ids" time="0.129" /><testcase classname="backend.tests.test_iteration54_security_messaging.TestCollabHubOwnership" name="test_update_post_ownership_check" time="1.035" /><testcase classname="backend.tests.test_iteration54_security_messaging.TestCollabHubOwnership" name="test_delete_post_ownership_check" time="0.735" /><testcase classname="backend.tests.test_iteration54_security_messaging.TestMessagingEndpoints" name="test_get_conversations" time="0.428" /><testcase classname="backend.tests.test_iteration54_security_messaging.TestMessagingEndpoints" name="test_get_unread_count" time="0.107" /><testcase classname="backend.tests.test_iteration54_security_messaging.TestMessagingEndpoints" name="test_get_messages_nonexistent_convo" time="0.127" /><testcase classname="backend.tests.test_iteration54_security_messaging.TestMessagingEndpoints" name="test_send_message_nonexistent_convo" time="0.106" /><testcase classname="backend.tests.test_iteration54_security_messaging.TestMessagingEndpoints" name="test_messages_require_auth" time="0.445" /><testcase classname="backend.tests.test_iteration54_security_messaging.TestFullCollabMessagingFlow" name="test_full_collab_to_messaging_flow" time="3.193" /><testcase classname="backend.tests.test_iteration54_security_messaging.TestMessageNotifications" name="test_message_creates_notification" time="0.435" /></testsuite></testsuites>