<?xml version="1.0" encoding="utf-8"?><testsuites name="pytest tests"><testsuite name="pytest" errors="0" failures="0" skipped="0" tests="18" time="6.081" timestamp="2026-04-02T15:24:10.722150+00:00" hostname="agent-env-079514ea-0774-40b5-a9ef-d14177382677"><testcase classname="backend.tests.test_iteration16_recaptcha_trending.TestHealth" name="test_health_endpoint" time="0.249" /><testcase classname="backend.tests.test_iteration16_recaptcha_trending.TestAuthWithRecaptcha" name="test_register_accepts_recaptcha_token_field" time="0.254" /><testcase classname="backend.tests.test_iteration16_recaptcha_trending.TestAuthWithRecaptcha" name="test_register_without_recaptcha_token" time="0.366" /><testcase classname="backend.tests.test_iteration16_recaptcha_trending.TestAuthWithRecaptcha" name="test_login_admin" time="0.352" /><testcase classname="backend.tests.test_iteration16_recaptcha_trending.TestSubscriptionPlans" name="test_get_subscription_plans" time="0.120" /><testcase classname="backend.tests.test_iteration16_recaptcha_trending.TestSubscriptionCheckout" name="test_checkout_paid_plan_creates_stripe_url" time="0.944" /><testcase classname="backend.tests.test_iteration16_recaptcha_trending.TestSubscriptionCheckout" name="test_checkout_free_plan_no_stripe" time="0.541" /><testcase classname="backend.tests.test_iteration16_recaptcha_trending.TestSubscriptionCheckout" name="test_checkout_invalid_plan" time="0.491" /><testcase classname="backend.tests.test_iteration16_recaptcha_trending.TestSubscriptionCheckout" name="test_checkout_without_auth" time="0.106" /><testcase classname="backend.tests.test_iteration16_recaptcha_trending.TestSubscriptionUpgrade" name="test_upgrade_to_rise" time="0.509" /><testcase classname="backend.tests.test_iteration16_recaptcha_trending.TestSubscriptionUpgrade" name="test_upgrade_invalid_plan" time="0.447" /><testcase classname="backend.tests.test_iteration16_recaptcha_trending.TestSubscriptionUpgrade" name="test_upgrade_without_auth" time="0.112" /><testcase classname="backend.tests.test_iteration16_recaptcha_trending.TestAnalyticsTrending" name="test_trending_endpoint_returns_data" time="0.511" /><testcase classname="backend.tests.test_iteration16_recaptcha_trending.TestAnalyticsTrending" name="test_trending_without_auth" time="0.138" /><testcase classname="backend.tests.test_iteration16_recaptcha_trending.TestAnalyticsOverview" name="test_analytics_overview" time="0.486" /><testcase classname="backend.tests.test_iteration16_recaptcha_trending.TestAnalyticsOverview" name="test_analytics_overview_without_auth" time="0.107" /><testcase classname="backend.tests.test_iteration16_recaptcha_trending.TestBeatsEndpoint" name="test_get_beats_public" time="0.123" /><testcase classname="backend.tests.test_iteration16_recaptcha_trending.TestBeatsEndpoint" name="test_get_beats_with_limit" time="0.130" /></testsuite></testsuites>