<?xml version="1.0" encoding="utf-8"?><testsuites name="pytest tests"><testsuite name="pytest" errors="0" failures="2" skipped="0" tests="28" time="39.315" timestamp="2026-04-02T09:59:11.461512+00:00" hostname="agent-env-079514ea-0774-40b5-a9ef-d14177382677"><testcase classname="backend.tests.test_iteration10.TestHealthAndPublic" name="test_health_check" time="0.215" /><testcase classname="backend.tests.test_iteration10.TestHealthAndPublic" name="test_spotify_canvas_specs_public" time="0.108" /><testcase classname="backend.tests.test_iteration10.TestHealthAndPublic" name="test_paypal_config_public" time="0.098" /><testcase classname="backend.tests.test_iteration10.TestAuthAndPasswordReset" name="test_login_success" time="0.329" /><testcase classname="backend.tests.test_iteration10.TestAuthAndPasswordReset" name="test_forgot_password_endpoint" time="0.130" /><testcase classname="backend.tests.test_iteration10.TestAuthAndPasswordReset" name="test_forgot_password_nonexistent_email" time="0.105" /><testcase classname="backend.tests.test_iteration10.TestAuthAndPasswordReset" name="test_verify_reset_token_invalid" time="0.115" /><testcase classname="backend.tests.test_iteration10.TestAuthAndPasswordReset" name="test_reset_password_invalid_token" time="0.114" /><testcase classname="backend.tests.test_iteration10.TestAIFeatures" name="test_ai_metadata_suggestions" time="0.416"><failure message="assert 422 == 200&#10; +  where 422 = &lt;Response [422]&gt;.status_code">backend/tests/test_iteration10.py:123: in test_ai_metadata_suggestions
    assert response.status_code == 200
E   assert 422 == 200
E    +  where 422 = &lt;Response [422]&gt;.status_code</failure></testcase><testcase classname="backend.tests.test_iteration10.TestAIFeatures" name="test_ai_generate_description" time="5.159" /><testcase classname="backend.tests.test_iteration10.TestAIFeatures" name="test_ai_analytics_insights" time="26.208" /><testcase classname="backend.tests.test_iteration10.TestPayPalIntegration" name="test_paypal_create_order" time="0.514" /><testcase classname="backend.tests.test_iteration10.TestSpotifyCanvas" name="test_get_canvas_specs" time="0.506" /><testcase classname="backend.tests.test_iteration10.TestSpotifyCanvas" name="test_get_user_canvases" time="0.529" /><testcase classname="backend.tests.test_iteration10.TestSpotifyCanvas" name="test_create_canvas_requires_release" time="0.507" /><testcase classname="backend.tests.test_iteration10.TestSpotifyCanvas" name="test_create_canvas_with_valid_release" time="0.584" /><testcase classname="backend.tests.test_iteration10.TestYouTubeContentID" name="test_get_content_id_registrations" time="0.507" /><testcase classname="backend.tests.test_iteration10.TestYouTubeContentID" name="test_register_content_id_requires_release" time="0.533" /><testcase classname="backend.tests.test_iteration10.TestYouTubeContentID" name="test_register_content_id_with_valid_release" time="0.644" /><testcase classname="backend.tests.test_iteration10.TestAdvancedAnalytics" name="test_analytics_overview" time="0.424" /><testcase classname="backend.tests.test_iteration10.TestAdvancedAnalytics" name="test_analytics_chart_data" time="0.445" /><testcase classname="backend.tests.test_iteration10.TestAdvancedAnalytics" name="test_analytics_platform_breakdown" time="0.413" /><testcase classname="backend.tests.test_iteration10.TestAuthenticatedEndpointsRequireAuth" name="test_ai_metadata_requires_auth" time="0.095"><failure message="assert 422 == 401&#10; +  where 422 = &lt;Response [422]&gt;.status_code">backend/tests/test_iteration10.py:402: in test_ai_metadata_requires_auth
    assert response.status_code == 401
E   assert 422 == 401
E    +  where 422 = &lt;Response [422]&gt;.status_code</failure></testcase><testcase classname="backend.tests.test_iteration10.TestAuthenticatedEndpointsRequireAuth" name="test_ai_description_requires_auth" time="0.099" /><testcase classname="backend.tests.test_iteration10.TestAuthenticatedEndpointsRequireAuth" name="test_ai_insights_requires_auth" time="0.098" /><testcase classname="backend.tests.test_iteration10.TestAuthenticatedEndpointsRequireAuth" name="test_paypal_create_order_requires_auth" time="0.096" /><testcase classname="backend.tests.test_iteration10.TestAuthenticatedEndpointsRequireAuth" name="test_spotify_canvas_list_requires_auth" time="0.096" /><testcase classname="backend.tests.test_iteration10.TestAuthenticatedEndpointsRequireAuth" name="test_content_id_list_requires_auth" time="0.098" /></testsuite></testsuites>