<?xml version="1.0" encoding="utf-8"?><testsuites name="pytest tests"><testsuite name="pytest" errors="0" failures="0" skipped="0" tests="18" time="9.707" timestamp="2026-04-03T22:24:00.307094+00:00" hostname="agent-env-699fcce3-40a5-4ad3-b6bd-33a98b70dbe2"><testcase classname="backend.tests.test_iteration41_multiformat_import.TestMultiFormatImport" name="test_csv_import_still_works" time="0.474" /><testcase classname="backend.tests.test_iteration41_multiformat_import.TestMultiFormatImport" name="test_xlsx_import_works" time="0.845" /><testcase classname="backend.tests.test_iteration41_multiformat_import.TestMultiFormatImport" name="test_xlsx_retail_ranking_format_requires_artist_id" time="0.464" /><testcase classname="backend.tests.test_iteration41_multiformat_import.TestMultiFormatImport" name="test_xlsx_retail_ranking_with_artist_id" time="0.573" /><testcase classname="backend.tests.test_iteration41_multiformat_import.TestMultiFormatImport" name="test_xlsx_retail_daily_format" time="0.609" /><testcase classname="backend.tests.test_iteration41_multiformat_import.TestMultiFormatImport" name="test_auto_revenue_estimation" time="0.567" /><testcase classname="backend.tests.test_iteration41_multiformat_import.TestMultiFormatImport" name="test_artist_id_assigns_all_rows" time="0.576" /><testcase classname="backend.tests.test_iteration41_multiformat_import.TestMultiFormatImport" name="test_unsupported_file_format_rejected" time="0.545" /><testcase classname="backend.tests.test_iteration41_multiformat_import.TestMultiFormatImport" name="test_import_with_template_still_works" time="0.609" /><testcase classname="backend.tests.test_iteration41_multiformat_import.TestImportHistoryAndExistingEndpoints" name="test_import_history_loads" time="0.443" /><testcase classname="backend.tests.test_iteration41_multiformat_import.TestImportHistoryAndExistingEndpoints" name="test_admin_dashboard_works" time="0.440" /><testcase classname="backend.tests.test_iteration41_multiformat_import.TestImportHistoryAndExistingEndpoints" name="test_admin_users_works" time="0.436" /><testcase classname="backend.tests.test_iteration41_multiformat_import.TestImportHistoryAndExistingEndpoints" name="test_admin_templates_works" time="0.428" /><testcase classname="backend.tests.test_iteration41_multiformat_import.TestImportHistoryAndExistingEndpoints" name="test_admin_reconciliation_works" time="0.468" /><testcase classname="backend.tests.test_iteration41_multiformat_import.TestLabelExportBranding" name="test_csv_export_has_kalmori_branding" time="0.554" /><testcase classname="backend.tests.test_iteration41_multiformat_import.TestLabelExportBranding" name="test_label_payouts_tab_export_only" time="0.455" /><testcase classname="backend.tests.test_iteration41_multiformat_import.TestRealZojakFiles" name="test_real_ranking_xlsx" time="0.584" /><testcase classname="backend.tests.test_iteration41_multiformat_import.TestRealZojakFiles" name="test_real_evolutions_xlsx" time="0.561" /></testsuite></testsuites>